Starting Dynare (version 4.4.3).
Starting preprocessing of the model file ...
Found 14 equation(s).
Evaluating expressions...done
Computing static model derivatives:
 - order 1
Computing dynamic model derivatives:
 - order 1
Processing outputs ...done
Preprocessing completed.
Starting MATLAB/Octave computing.

EIGENVALUES:
         Modulus             Real        Imaginary

            0.75             0.75                0
            0.75             0.75                0
            0.75             0.75                0
            0.75             0.75                0
          0.9554           0.9554                0
            0.98             0.98                0
           1.073            1.073                0
       9.212e+18       -9.212e+18                0
             Inf              Inf                0


There are 3 eigenvalue(s) larger than 1 in modulus 
for 3 forward-looking variable(s)

The rank condition is verified.


STEADY-STATE RESULTS:

tau    		 0.22
z      		 2.2238
omega  		 6.49609
KB     		 1
Y      		 3.25903
C      		 2.47608
I      		 0.562946
N      		 0.334477
r      		 0.038591
TR     		 0.668586
GB     		 0.2
IB     		 0.02
K      		 28.1473
lambda 		 0.403864

MODEL SUMMARY

  Number of variables:         14
  Number of stochastic shocks: 4
  Number of state variables:   6
  Number of jumpers:           3
  Number of static variables:  6


MATRIX OF COVARIANCE OF EXOGENOUS SHOCKS

Variables     eps_z    eps_GB    eps_IB    eps_tau 
eps_z        1.000000  0.000000  0.000000  0.000000
eps_GB       0.000000  1.000000  0.000000  0.000000
eps_IB       0.000000  0.000000  1.000000  0.000000
eps_tau      0.000000  0.000000  0.000000  1.000000

POLICY AND TRANSITION FUNCTIONS
                                  tau             z               omega           KB              Y               C               I               N               r               TR              GB              IB              K               lambda
Constant                    0.220000        2.223800        6.496093        1.000000        3.259026        2.476080        0.562946        0.334477        0.038591        0.668586        0.200000        0.020000       28.147298        0.403864
z(-1)                              0        0.750000        1.511174               0        1.781242        0.185347        1.595896        0.105002        0.021092        0.391873               0               0        1.595896       -0.030231
KB(-1)                             0               0        4.455147        0.980000        3.351567        1.271836        2.079731        0.114584        0.039687        0.737345               0               0        2.079731       -0.207444
GB(-1)                             0               0       -0.113906               0        0.114309       -0.108885       -0.526806        0.017597        0.001354       -0.139852        0.750000               0       -0.526806        0.017760
IB(-1)                             0               0        2.724880        0.750000       -2.734502        2.604757       -6.089258       -0.420946       -0.032380       -0.766590               0        0.750000       -6.089258       -0.424852
K(-1)                              0               0        0.094211               0        0.021241        0.045847       -0.024606       -0.002671       -0.001120        0.004673               0               0        0.955394       -0.007478
tau(-1)                     0.750000               0        2.413774               0       -2.422297       -0.073481       -2.348817       -0.372885       -0.028683        1.746364               0               0       -2.348817        0.011985
eps_z                              0        0.022238        0.044807               0        0.052815        0.005496        0.047319        0.003113        0.000625        0.011619               0               0        0.047319       -0.000896
eps_GB                             0               0       -0.001519               0        0.001524       -0.001452       -0.007024        0.000235        0.000018       -0.001865        0.010000               0       -0.007024        0.000237
eps_IB                             0               0        0.036332        0.010000       -0.036460        0.034730       -0.081190       -0.005613       -0.000432       -0.010221               0        0.010000       -0.081190       -0.005665
eps_tau                     0.002200               0        0.007080               0       -0.007105       -0.000216       -0.006890       -0.001094       -0.000084        0.005123               0               0       -0.006890        0.000035
Total computing time : 0h00m07s
