 
You did not declare endogenous variables after the estimation/calib_smoother command.
Loading 1000 observations from simdat.mat

Initial value of the log posterior (or likelihood): -8745.6067
-----------------
-----------------
f at the beginning of new iteration,      8745.6067311688
Predicted improvement: 17550422.158767447
lambda =          1; f =        11757.4409548
lambda =    0.33333; f =         9053.3333924
lambda =    0.11111; f =         8772.1504989
lambda =   0.037037; f =         8746.7709267
lambda =   0.012346; f =         8745.6944715
lambda =  0.0041152; f =       162344.2386350
lambda =  0.0013717; f =        53028.0857916
lambda = 0.00045725; f =         7287.0468045
lambda = 0.00015242; f =         5218.3962277
Norm of dx     59.246
----
Improvement on iteration 1 =     3527.210503495
-----------------
-----------------
f at the beginning of new iteration,      5218.3962276735
Predicted improvement:    52005.672703308
lambda =          1; f =         5218.4223958
lambda =    0.33333; f =         5218.8778652
lambda =    0.11111; f =         5218.4532519
lambda =   0.037037; f =         5218.4230893
lambda =   0.012346; f =         4402.8037217
Norm of dx     3.2157
----
Improvement on iteration 2 =      815.592506020
-----------------
-----------------
f at the beginning of new iteration,      4402.8037216535
Predicted improvement:    22357.287578871
lambda =          1; f =         4404.6566672
lambda =    0.33333; f =         4402.8704272
lambda =    0.11111; f =        27748.2507438
lambda =   0.037037; f =         3357.0897579
Norm of dx     2.4903
----
Improvement on iteration 3 =     1045.713963776
-----------------
-----------------
f at the beginning of new iteration,      3357.0897578776
Predicted improvement:     3478.494641898
lambda =          1; f =         3357.1557452
lambda =    0.33333; f =         3357.0781034
lambda =    0.11111; f =         4023.1576956
lambda =   0.037037; f =         3156.7605154
lambda =   0.071599; f =         3240.7502582
lambda =   0.048211; f =         3142.2160062
Norm of dx    0.84468
----
Improvement on iteration 4 =      214.873751678
-----------------
-----------------
f at the beginning of new iteration,      3142.2160061995
Predicted improvement:     1142.630680283
lambda =          1; f =         3142.2197435
lambda =    0.33333; f =         3015.1456373
lambda =    0.11111; f =         2949.3422938
lambda =     0.2148; f =         2900.1505934
Norm of dx    0.54704
----
Improvement on iteration 5 =      242.065412839
-----------------
-----------------
f at the beginning of new iteration,      2900.1505933601
Predicted improvement:      979.011942399
lambda =          1; f =         2900.1449427
lambda =    0.33333; f =         2507.0018515
Norm of dx     0.6209
----
Improvement on iteration 6 =      393.148741897
-----------------
-----------------
f at the beginning of new iteration,      2507.0018514632
Predicted improvement:      353.725339502
lambda =          1; f =         2507.0021136
lambda =    0.33333; f =         2376.5607245
Norm of dx    0.40188
----
Improvement on iteration 7 =      130.441127005
-----------------
-----------------
f at the beginning of new iteration,      2376.5607244579
Predicted improvement:       61.949322430
lambda =          1; f =         2314.0489998
Norm of dx   0.086737
----
Improvement on iteration 8 =       62.511724647
-----------------
-----------------
f at the beginning of new iteration,      2314.0489998114
Predicted improvement:       43.066819247
lambda =          1; f =         2314.0478067
lambda =    0.33333; f =         2292.8584312
lambda =    0.64439; f =         2292.8584312
Norm of dx    0.11223
----
Improvement on iteration 9 =       21.190568605
-----------------
-----------------
f at the beginning of new iteration,      2292.8584312062
Predicted improvement:       43.968936134
lambda =          1; f =         2292.8596539
lambda =    0.33333; f =         2292.8586469
lambda =    0.11111; f =         2283.8555529
lambda =     0.2148; f =         2276.7535503
lambda =    0.41524; f =         2276.7535956
Norm of dx    0.15054
----
Improvement on iteration 10 =       16.104880902
-----------------
-----------------
f at the beginning of new iteration,      2276.7535503042
Predicted improvement:       30.494609426
lambda =          1; f =         2276.7550670
lambda =    0.33333; f =         2276.7536678
lambda =    0.11111; f =         2276.7535354
lambda =   0.037037; f =         2274.5503697
lambda =   0.071599; f =         2274.5503708
Norm of dx    0.11044
----
Improvement on iteration 11 =        2.203180583
-----------------
-----------------
f at the beginning of new iteration,      2274.5503697217
Predicted improvement:       32.773617471
lambda =          1; f =         2274.5523753
lambda =    0.33333; f =         2274.5505728
lambda =    0.11111; f =         2274.5503776
lambda =   0.037037; f =         2274.5503575
lambda =   0.012346; f =         2274.5503559
lambda =  0.0041152; f =         2274.2810561
lambda =  0.0079555; f =         2274.0355391
lambda =   0.015379; f =         2274.0355392
Norm of dx     0.1199
----
Improvement on iteration 12 =        0.514830655
-----------------
-----------------
f at the beginning of new iteration,      2274.0355390663
Predicted improvement:       33.138144536
lambda =          1; f =         2274.0376830
lambda =    0.33333; f =         2274.0357661
lambda =    0.11111; f =         2274.0355533
lambda =   0.037037; f =         2274.0355297
lambda =   0.012346; f =         2274.0355271
lambda =  0.0041152; f =         2274.0355268
lambda =  0.0013717; f =         2274.0355268
lambda = 0.00045725; f =         2274.0355268
lambda = 0.00015242; f =         2274.0254336
lambda = 0.00029465; f =         2274.0254336
Norm of dx    0.12311
----
Improvement on iteration 13 =        0.010105426
-----------------
-----------------
f at the beginning of new iteration,      2274.0254336400
Predicted improvement:       32.812249403
lambda =          1; f =         2274.0275181
lambda =    0.33333; f =         2274.0256543
lambda =    0.11111; f =         2274.0254473
lambda =   0.037037; f =         2274.0254243
lambda =   0.012346; f =         2274.0254217
lambda =  0.0041152; f =         2274.0254215
lambda =  0.0013717; f =         2274.0254214
lambda = 0.00045725; f =         2274.0254214
lambda = 0.00015242; f =         2274.0254214
lambda = 5.0805e-05; f =         2274.0220981
lambda = 9.8216e-05; f =         2274.0189856
lambda = 0.00018987; f =         2274.0189856
Norm of dx    0.12257
----
Improvement on iteration 14 =        0.006448019
-----------------
-----------------
f at the beginning of new iteration,      2274.0189856210
Predicted improvement:       32.948565907
lambda =          1; f =         2274.0211272
lambda =    0.33333; f =         2274.0192127
lambda =    0.11111; f =         2274.0190000
lambda =   0.037037; f =         2274.0189764
lambda =   0.012346; f =         2274.0189738
lambda =  0.0041152; f =         2274.0189735
lambda =  0.0013717; f =         2274.0189734
lambda = 0.00045725; f =         2274.0189734
lambda = 0.00015242; f =         2274.0189734
lambda = 5.0805e-05; f =         2274.0189734
lambda = 1.6935e-05; f =         2274.0178691
lambda = 3.2739e-05; f =         2274.0178691
Norm of dx     0.1249
----
Improvement on iteration 15 =        0.001116481
-----------------
-----------------
f at the beginning of new iteration,      2274.0178691395
Predicted improvement:        5.267452527
lambda =          1; f =         2268.9808463
Norm of dx   0.025034
----
Improvement on iteration 16 =        5.037022818
-----------------
-----------------
f at the beginning of new iteration,      2268.9808463210
Predicted improvement:        0.654059340
lambda =          1; f =         2268.1226205
Norm of dx   0.018535
----
Improvement on iteration 17 =        0.858225807
-----------------
-----------------
f at the beginning of new iteration,      2268.1226205137
Correct for low angle: 0.00262709
Predicted improvement:        0.086842532
lambda =          1; f =         2268.2450705
lambda =    0.33333; f =         2268.0957871
Norm of dx   0.018037
----
Improvement on iteration 18 =        0.026833453
-----------------
-----------------
f at the beginning of new iteration,      2268.0957870608
Correct for low angle: -0.0979149
Predicted improvement:        0.004788518
lambda =          1; f =         2268.0914135
Norm of dx  0.0011062
----
Improvement on iteration 19 =        0.004373569
-----------------
-----------------
f at the beginning of new iteration,      2268.0914134917
Correct for low angle: -0.0904343
Predicted improvement:        0.004712470
lambda =          1; f =         2268.0878511
Norm of dx  0.0011928
----
Improvement on iteration 20 =        0.003562395
-----------------
-----------------
f at the beginning of new iteration,      2268.0878510971
Correct for low angle: -0.271716
Predicted improvement:        0.001477499
lambda =          1; f =         2268.0810680
lambda =     1.9332; f =         2268.0809910
lambda =     3.7372; f =         2268.0859907
lambda =     2.5164; f =         2268.0818647
lambda =     3.1904; f =         2268.0837580
Norm of dx 0.00040497
----
Improvement on iteration 21 =        0.006860132
-----------------
-----------------
f at the beginning of new iteration,      2268.0809909653
Correct for low angle: -0.580228
Predicted improvement:        0.000686401
lambda =          1; f =         2268.0798176
lambda =     1.9332; f =         2268.0790358
lambda =     3.7372; f =         2268.0783791
Norm of dx 0.00016136
----
Improvement on iteration 22 =        0.002611856
-----------------
-----------------
f at the beginning of new iteration,      2268.0783791091
Correct for low angle: -0.121465
Predicted improvement:        0.003681385
lambda =          1; f =         2268.0842367
lambda =    0.33333; f =         2268.0773528
Norm of dx  0.0009928
----
Improvement on iteration 23 =        0.001026272
-----------------
-----------------
f at the beginning of new iteration,      2268.0773528375
Correct for low angle: -0.124052
Predicted improvement:        0.003528231
lambda =          1; f =         2268.0833715
lambda =    0.33333; f =         2268.0764146
Norm of dx  0.0010023
----
Improvement on iteration 24 =        0.000938259
-----------------
-----------------
f at the beginning of new iteration,      2268.0764145782
Correct for low angle: -0.131439
Predicted improvement:        0.003280263
lambda =          1; f =         2268.0803564
lambda =    0.33333; f =         2268.0753597
Norm of dx 0.00097764
----
Improvement on iteration 25 =        0.001054871
-----------------
-----------------
f at the beginning of new iteration,      2268.0753597076
Correct for low angle: -0.131309
Predicted improvement:        0.003234132
lambda =          1; f =         2268.0777787
lambda =    0.33333; f =         2268.0741584
Norm of dx  0.0010028
----
Improvement on iteration 26 =        0.001201275
-----------------
-----------------
f at the beginning of new iteration,      2268.0741584330
Correct for low angle: -0.131269
Predicted improvement:        0.003195634
lambda =          1; f =         2268.0749784
lambda =    0.33333; f =         2268.0727998
Norm of dx  0.0010228
----
Improvement on iteration 27 =        0.001358586
-----------------
-----------------
f at the beginning of new iteration,      2268.0727998475
Correct for low angle: -0.129341
Predicted improvement:        0.003210189
lambda =          1; f =         2268.0723108
lambda =    0.33333; f =         2268.0712930
lambda =    0.64439; f =         2268.0710971
Norm of dx  0.0010526
----
Improvement on iteration 28 =        0.001702700
-----------------
-----------------
f at the beginning of new iteration,      2268.0710971473
Correct for low angle: -0.184298
Predicted improvement:        0.002239974
lambda =          1; f =         2268.0683970
Norm of dx  0.0007517
----
Improvement on iteration 29 =        0.002700185
-----------------
-----------------
f at the beginning of new iteration,      2268.0683969623
Correct for low angle: -0.175681
Predicted improvement:        0.002320248
lambda =          1; f =         2268.0650822
lambda =     1.9332; f =         2268.0643634
Norm of dx  0.0007899
----
Improvement on iteration 30 =        0.004033557
-----------------
-----------------
f at the beginning of new iteration,      2268.0643634051
Correct for low angle: -0.366402
Predicted improvement:        0.001111124
lambda =          1; f =         2268.0622887
lambda =     1.9332; f =         2268.0604681
lambda =     3.7372; f =         2268.0572654
lambda =     7.2247; f =         2268.0522601
lambda =     13.967; f =         2268.0512933
Norm of dx 0.00035934
----
Improvement on iteration 31 =        0.013070133
-----------------
-----------------
f at the beginning of new iteration,      2268.0512932722
Correct for low angle: -0.0426395
Predicted improvement:        0.009076953
lambda =          1; f =         2268.0308681
lambda =     1.9332; f =         2268.0181181
lambda =     3.7372; f =         2267.9955555
lambda =     7.2247; f =         2267.9755159
Norm of dx  0.0030475
----
Improvement on iteration 32 =        0.075777357
-----------------
-----------------
f at the beginning of new iteration,      2267.9755159152
Correct for low angle: -0.0169205
Predicted improvement:        0.019322095
lambda =          1; f =         2267.9425966
lambda =     1.9332; f =         2267.9191011
lambda =     3.7372; f =         2267.8883371
Norm of dx  0.0067908
----
Improvement on iteration 33 =        0.087178808
-----------------
-----------------
f at the beginning of new iteration,      2267.8883371075
Correct for low angle: -0.00596409
Predicted improvement:        0.048197467
lambda =          1; f =         2267.8264116
Norm of dx   0.014848
----
Improvement on iteration 34 =        0.061925555
-----------------
-----------------
f at the beginning of new iteration,      2267.8264115525
Correct for low angle: -0.00558613
Predicted improvement:        0.039316748
lambda =          1; f =         2267.7871913
Norm of dx   0.013783
----
Improvement on iteration 35 =        0.039220268
-----------------
-----------------
f at the beginning of new iteration,      2267.7871912846
Correct for low angle: -0.0654161
Predicted improvement:        0.006195164
lambda =          1; f =         2267.7758855
lambda =     1.9332; f =         2267.7664927
lambda =     3.7372; f =         2267.7475218
lambda =     7.2247; f =         2267.7307623
Norm of dx  0.0021549
----
Improvement on iteration 36 =        0.056428943
-----------------
-----------------
f at the beginning of new iteration,      2267.7307623416
Correct for low angle: -0.00375375
Predicted improvement:        0.028505071
lambda =          1; f =         2267.6868706
lambda =     1.9332; f =         2267.6776605
Norm of dx    0.01032
----
Improvement on iteration 37 =        0.053101849
-----------------
-----------------
f at the beginning of new iteration,      2267.6776604931
Correct for low angle: -0.0112723
Predicted improvement:        0.018924686
lambda =          1; f =         2267.6586342
Norm of dx  0.0061791
----
Improvement on iteration 38 =        0.019026271
-----------------
-----------------
f at the beginning of new iteration,      2267.6586342225
Correct for low angle: -0.0416685
Predicted improvement:        0.006261686
lambda =          1; f =         2267.6582700
lambda =    0.33333; f =         2267.6552496
lambda =    0.64439; f =         2267.6580720
lambda =     0.4339; f =         2267.6589106
lambda =    0.34224; f =         2267.6551835
lambda =    0.39461; f =         2267.6548203
lambda =    0.45499; f =         2267.6587946
lambda =    0.41773; f =         2267.6590044
lambda =    0.39686; f =         2267.6591316
Norm of dx  0.0022441
Cliff.  Perturbing search direction.
Predicted improvement:       62.472189075
lambda =          1; f =       114592.3846873
lambda =    0.33333; f =        18100.7902728
lambda =    0.11111; f =         4166.2801191
lambda =   0.037037; f =         2481.4480483
lambda =   0.012346; f =         2290.6024503
lambda =  0.0041152; f =         2269.8714597
lambda =  0.0013717; f =         2267.7902806
lambda = 0.00045725; f =         2267.6351107
Norm of dx     1.1031

badg2 =

     0

----
Improvement on iteration 39 =        0.023523500
-----------------
-----------------
f at the beginning of new iteration,      2267.6351107229
Correct for low angle: -0.00132043
Predicted improvement:        0.011384533
lambda =          1; f =         2267.6243277
Norm of dx  0.0037817
----
Improvement on iteration 40 =        0.010782992
-----------------
-----------------
f at the beginning of new iteration,      2267.6243277307
Correct for low angle: -0.00344976
Predicted improvement:        0.012649614
lambda =          1; f =         2267.6027806
lambda =     1.9332; f =         2267.5880566
lambda =     3.7372; f =         2267.5757030
Norm of dx  0.0043243
----
Improvement on iteration 41 =        0.048624776
-----------------
-----------------
f at the beginning of new iteration,      2267.5757029549
Predicted improvement:        0.025758224
lambda =          1; f =         2267.5348651
lambda =     1.9332; f =         2267.5042546
lambda =     3.7372; f =         2267.4794499
Norm of dx  0.0037725
----
Improvement on iteration 42 =        0.096253101
-----------------
-----------------
f at the beginning of new iteration,      2267.4794498538
Correct for low angle: 0.0047307
Predicted improvement:        0.074904284
lambda =          1; f =         2267.3409042
lambda =     1.9332; f =         2267.2413144
lambda =     3.7372; f =         2267.1224421
Norm of dx   0.021197
----
Improvement on iteration 43 =        0.357007784
-----------------
-----------------
f at the beginning of new iteration,      2267.1224420698
Predicted improvement:        0.252419214
lambda =          1; f =         2266.6792152
lambda =     1.9332; f =         2266.3957068
lambda =     3.7372; f =         2266.2310167
Norm of dx   0.043859
----
Improvement on iteration 44 =        0.891425419
-----------------
-----------------
f at the beginning of new iteration,      2266.2310166511
Predicted improvement:        0.667502520
lambda =          1; f =         2265.8111611
Norm of dx   0.091806
----
Improvement on iteration 45 =        0.419855523
-----------------
-----------------
f at the beginning of new iteration,      2265.8111611285
Predicted improvement:        0.396432055
lambda =          1; f =         2265.3983385
Norm of dx   0.064223
----
Improvement on iteration 46 =        0.412822621
-----------------
-----------------
f at the beginning of new iteration,      2265.3983385074
Predicted improvement:        0.071643099
lambda =          1; f =         2265.2938602
lambda =     1.9332; f =         2265.2666758
Norm of dx   0.013486
----
Improvement on iteration 47 =        0.131662670
-----------------
-----------------
f at the beginning of new iteration,      2265.2666758374
Predicted improvement:        0.023825075
lambda =          1; f =         2265.2475821
Norm of dx  0.0069786
----
Improvement on iteration 48 =        0.019093762
-----------------
-----------------
f at the beginning of new iteration,      2265.2475820753
Correct for low angle: 0.0033617
Predicted improvement:        0.017645009
lambda =          1; f =         2265.2184106
lambda =     1.9332; f =         2265.1989853
lambda =     3.7372; f =         2265.1818308
Norm of dx  0.0063886
----
Improvement on iteration 49 =        0.065751284
-----------------
-----------------
f at the beginning of new iteration,      2265.1818307913
Predicted improvement:        0.038296590
lambda =          1; f =         2265.1139730
lambda =     1.9332; f =         2265.0599438
lambda =     3.7372; f =         2264.9954838
Norm of dx  0.0085337
----
Improvement on iteration 50 =        0.186347016
-----------------
-----------------
f at the beginning of new iteration,      2264.9954837749
Predicted improvement:        0.155701624
lambda =          1; f =         2264.7189699
lambda =     1.9332; f =         2264.5110079
lambda =     3.7372; f =         2264.2446474
Norm of dx   0.019755
----
Improvement on iteration 51 =        0.750836346
-----------------
-----------------
f at the beginning of new iteration,      2264.2446474288
Predicted improvement:        0.641864044
lambda =          1; f =         2263.1870354
lambda =     1.9332; f =         2262.5105140
Norm of dx   0.056663
----
Improvement on iteration 52 =        1.734133466
-----------------
-----------------
f at the beginning of new iteration,      2262.5105139633
Predicted improvement:        2.474536976
lambda =          1; f =         2263.8304403
lambda =    0.33333; f =         2261.1369142
lambda =    0.64439; f =         2260.9360779
Norm of dx    0.31434
----
Improvement on iteration 53 =        1.574436030
-----------------
-----------------
f at the beginning of new iteration,      2260.9360779329
Predicted improvement:        2.334551436
lambda =          1; f =         2257.6723670
Norm of dx    0.12597
----
Improvement on iteration 54 =        3.263710925
-----------------
-----------------
f at the beginning of new iteration,      2257.6723670075
Predicted improvement:        3.031419514
lambda =          1; f =         2254.8478179
Norm of dx    0.36094
----
Improvement on iteration 55 =        2.824549086
-----------------
-----------------
f at the beginning of new iteration,      2254.8478179217
Predicted improvement:        2.286478573
lambda =          1; f =         2252.7955893
Norm of dx   0.099752
----
Improvement on iteration 56 =        2.052228599
-----------------
-----------------
f at the beginning of new iteration,      2252.7955893232
Predicted improvement:        3.864941337
lambda =          1; f =         2255.3936321
lambda =    0.33333; f =         2250.5487507
lambda =    0.64439; f =         2250.2982533
Norm of dx    0.13022
----
Improvement on iteration 57 =        2.497336011
-----------------
-----------------
f at the beginning of new iteration,      2250.2982533118
Predicted improvement:        2.394517105
lambda =          1; f =         2248.8447146
Norm of dx    0.13474
----
Improvement on iteration 58 =        1.453538703
-----------------
-----------------
f at the beginning of new iteration,      2248.8447146092
Predicted improvement:        1.256727516
lambda =          1; f =         2247.6559093
Norm of dx    0.10031
----
Improvement on iteration 59 =        1.188805273
-----------------
-----------------
f at the beginning of new iteration,      2247.6559093360
Predicted improvement:        0.263481338
lambda =          1; f =         2247.2532383
lambda =     1.9332; f =         2247.1163948
Norm of dx   0.015168
----
Improvement on iteration 60 =        0.539514546
-----------------
-----------------
f at the beginning of new iteration,      2247.1163947895
Predicted improvement:        0.469727463
lambda =          1; f =         2246.5232879
Norm of dx   0.041155
----
Improvement on iteration 61 =        0.593106898
-----------------
-----------------
f at the beginning of new iteration,      2246.5232878914
Predicted improvement:        0.682209363
lambda =          1; f =         2245.6732878
Norm of dx   0.097117
----
Improvement on iteration 62 =        0.850000044
-----------------
-----------------
f at the beginning of new iteration,      2245.6732878471
Predicted improvement:        0.750168510
lambda =          1; f =         2244.9368943
Norm of dx   0.048431
----
Improvement on iteration 63 =        0.736393543
-----------------
-----------------
f at the beginning of new iteration,      2244.9368943039
Predicted improvement:        0.379972619
lambda =          1; f =         2244.7612847
lambda =    0.33333; f =         2244.7508505
lambda =    0.64439; f =         2244.6932636
Norm of dx   0.075265
----
Improvement on iteration 64 =        0.243630752
-----------------
-----------------
f at the beginning of new iteration,      2244.6932635519
Predicted improvement:        0.255500778
lambda =          1; f =         2244.3264990
lambda =     1.9332; f =         2244.2647176
Norm of dx    0.03025
----
Improvement on iteration 65 =        0.428545936
-----------------
-----------------
f at the beginning of new iteration,      2244.2647176155
Predicted improvement:        0.158331266
lambda =          1; f =         2244.0130657
lambda =     1.9332; f =         2243.8938799
Norm of dx   0.028919
----
Improvement on iteration 66 =        0.370837742
-----------------
-----------------
f at the beginning of new iteration,      2243.8938798736
Predicted improvement:        0.315151488
lambda =          1; f =         2243.3966954
lambda =     1.9332; f =         2243.1903862
Norm of dx   0.040135
----
Improvement on iteration 67 =        0.703493669
-----------------
-----------------
f at the beginning of new iteration,      2243.1903862044
Predicted improvement:        0.186502502
lambda =          1; f =         2242.9102878
lambda =     1.9332; f =         2242.8079603
Norm of dx   0.018172
----
Improvement on iteration 68 =        0.382425942
-----------------
-----------------
f at the beginning of new iteration,      2242.8079602623
Predicted improvement:        0.113942247
lambda =          1; f =         2242.6240575
lambda =     1.9332; f =         2242.5397111
Norm of dx   0.017549
----
Improvement on iteration 69 =        0.268249144
-----------------
-----------------
f at the beginning of new iteration,      2242.5397111184
Predicted improvement:        0.159323114
lambda =          1; f =         2242.2562034
lambda =     1.9332; f =         2242.0555825
lambda =     3.7372; f =         2241.8243400
Norm of dx   0.010511
----
Improvement on iteration 70 =        0.715371166
-----------------
-----------------
f at the beginning of new iteration,      2241.8243399523
Predicted improvement:        0.496689036
lambda =          1; f =         2240.9987586
lambda =     1.9332; f =         2240.6482396
Norm of dx   0.035497
----
Improvement on iteration 71 =        1.176100394
-----------------
-----------------
f at the beginning of new iteration,      2240.6482395581
Predicted improvement:        1.722051026
lambda =          1; f =         2237.9689969
lambda =     1.9332; f =         2236.8468907
Norm of dx    0.12396
----
Improvement on iteration 72 =        3.801348872
-----------------
-----------------
f at the beginning of new iteration,      2236.8468906858
Predicted improvement:        3.012159717
lambda =          1; f =         2233.1992965
Norm of dx    0.15463
----
Improvement on iteration 73 =        3.647594150
-----------------
-----------------
f at the beginning of new iteration,      2233.1992965354
Predicted improvement:        3.716564263
lambda =          1; f =         2230.3457416
Norm of dx    0.36745
----
Improvement on iteration 74 =        2.853554932
-----------------
-----------------
f at the beginning of new iteration,      2230.3457416038
Predicted improvement:        2.081609804
lambda =          1; f =         2227.5883816
Norm of dx   0.098883
----
Improvement on iteration 75 =        2.757359996
-----------------
-----------------
f at the beginning of new iteration,      2227.5883816077
Predicted improvement:        1.432870996
lambda =          1; f =         2225.6008537
Norm of dx    0.18176
----
Improvement on iteration 76 =        1.987527917
-----------------
-----------------
f at the beginning of new iteration,      2225.6008536904
Predicted improvement:        0.795665518
lambda =          1; f =         2224.9287647
Norm of dx    0.23455
----
Improvement on iteration 77 =        0.672088990
-----------------
-----------------
f at the beginning of new iteration,      2224.9287647004
Predicted improvement:        0.303582701
lambda =          1; f =         2224.6232800
Norm of dx   0.044089
----
Improvement on iteration 78 =        0.305484716
-----------------
-----------------
f at the beginning of new iteration,      2224.6232799849
Predicted improvement:        0.091132678
lambda =          1; f =         2224.4684851
lambda =     1.9332; f =         2224.3752391
lambda =     3.7372; f =         2224.3395011
Norm of dx   0.029966
----
Improvement on iteration 79 =        0.283778835
-----------------
-----------------
f at the beginning of new iteration,      2224.3395011497
Predicted improvement:        0.130648066
lambda =          1; f =         2224.1961481
Norm of dx   0.033324
----
Improvement on iteration 80 =        0.143353071
-----------------
-----------------
f at the beginning of new iteration,      2224.1961480784
Predicted improvement:        0.101505645
lambda =          1; f =         2224.0338695
lambda =     1.9332; f =         2223.9554525
Norm of dx   0.051312
----
Improvement on iteration 81 =        0.240695604
-----------------
-----------------
f at the beginning of new iteration,      2223.9554524744
Predicted improvement:        0.131899817
lambda =          1; f =         2223.7467029
lambda =     1.9332; f =         2223.6498200
Norm of dx    0.05996
----
Improvement on iteration 82 =        0.305632427
-----------------
-----------------
f at the beginning of new iteration,      2223.6498200472
Predicted improvement:        0.077865054
lambda =          1; f =         2223.5482625
Norm of dx   0.034719
----
Improvement on iteration 83 =        0.101557500
-----------------
-----------------
f at the beginning of new iteration,      2223.5482625470
Predicted improvement:        0.021377720
lambda =          1; f =         2223.5220936
Norm of dx   0.028685
----
Improvement on iteration 84 =        0.026168938
-----------------
-----------------
f at the beginning of new iteration,      2223.5220936095
Predicted improvement:        0.004899678
lambda =          1; f =         2223.5150018
lambda =     1.9332; f =         2223.5137573
Norm of dx  0.0077901
----
Improvement on iteration 85 =        0.008336268
-----------------
-----------------
f at the beginning of new iteration,      2223.5137573413
Predicted improvement:        0.001859621
lambda =          1; f =         2223.5110164
lambda =     1.9332; f =         2223.5102984
Norm of dx  0.0043101
----
Improvement on iteration 86 =        0.003458929
-----------------
-----------------
f at the beginning of new iteration,      2223.5102984124
Predicted improvement:        0.001337785
lambda =          1; f =         2223.5082983
lambda =     1.9332; f =         2223.5073263
Norm of dx  0.0049769
----
Improvement on iteration 87 =        0.002972101
-----------------
-----------------
f at the beginning of new iteration,      2223.5073263117
Predicted improvement:        0.001036518
lambda =          1; f =         2223.5059382
Norm of dx  0.0039878
----
Improvement on iteration 88 =        0.001388119
-----------------
-----------------
f at the beginning of new iteration,      2223.5059381931
Predicted improvement:        0.000076514
lambda =          1; f =         2223.5058519
Norm of dx  0.0010485
----
Improvement on iteration 89 =        0.000086248
-----------------
-----------------
f at the beginning of new iteration,      2223.5058519456
Predicted improvement:        0.000014362
lambda =          1; f =         2223.5058378
Norm of dx  0.0003249
----
Improvement on iteration 90 =        0.000014149
-----------------
-----------------
f at the beginning of new iteration,      2223.5058377964
Predicted improvement:        0.000004979
lambda =          1; f =         2223.5058345
Norm of dx  0.0002038
----
Improvement on iteration 91 =        0.000003331
-----------------
-----------------
f at the beginning of new iteration,      2223.5058344658
Predicted improvement:        0.000000972
lambda =          1; f =         2223.5058332
Norm of dx 0.00015258
----
Improvement on iteration 92 =        0.000001256
-----------------
-----------------
f at the beginning of new iteration,      2223.5058332096
Predicted improvement:        0.000000096
lambda =          1; f =         2223.5058327
lambda =     1.9332; f =         2223.5058324
lambda =     3.7372; f =         2223.5058323
lambda =     7.2247; f =         2223.5058336
lambda =     4.8647; f =         2223.5058325
lambda =     6.1676; f =         2223.5058330
lambda =     5.3491; f =         2223.5058326
Norm of dx 5.3142e-05
----
Improvement on iteration 93 =        0.000000937
warning: possible inaccuracy in H matrix
-----------------
-----------------
f at the beginning of new iteration,      2223.5058322723
Predicted improvement:        0.000000594
lambda =          1; f =         2223.5058326
lambda =    0.33333; f =         2223.5058323
lambda =    0.11111; f =         2223.5058323
lambda =   0.037037; f =         2223.5058323
lambda =   0.012346; f =         2223.5058323
lambda =  0.0041152; f =         2223.5058323
lambda =  0.0013717; f =         2223.5058323
lambda = 0.00045725; f =         2223.5058323
lambda = 0.00015242; f =         2223.5058323
lambda = 5.0805e-05; f =         2223.5058323
lambda = 1.6935e-05; f =         2223.5058323
lambda =  5.645e-06; f =         2223.5058323
lambda = 1.8817e-06; f =         2223.5058323
lambda = 6.2723e-07; f =         2223.5058323
lambda = 2.0908e-07; f =         2223.5058323
lambda = 6.9692e-08; f =         2223.5058323
lambda = 2.3231e-08; f =         2223.5058323
lambda = 7.7435e-09; f =         2223.5058323
lambda =  1.497e-08; f =         2223.5058323
lambda =  1.008e-08; f =         2223.5058323
lambda = 7.9504e-09; f =         2223.5058323
lambda = 9.1669e-09; f =         2223.5058323
lambda =  1.057e-08; f =         2223.5058323
lambda = 9.7042e-09; f =         2223.5058323
lambda = 1.0215e-08; f =         2223.5058323
lambda = 9.9052e-09; f =         2223.5058323
lambda =  1.009e-08; f =         2223.5058323
lambda = 9.9786e-09; f =         2223.5058323
Norm of dx 0.00014338
Cliff.  Perturbing search direction.
Predicted improvement:        0.000003125
lambda =          1; f =         2223.5061730
lambda =    0.33333; f =         2223.5058693
lambda =    0.11111; f =         2223.5058361
lambda =   0.037037; f =         2223.5058326
lambda =   0.012346; f =         2223.5058323
lambda =  0.0041152; f =         2223.5058323
Norm of dx 0.00015144

badg2 =

     0

----
Improvement on iteration 94 =        0.000000019
improvement < crit termination
back and forth on step length never finished
Objective function at mode: 2223.505832
 
RESULTS FROM MAXIMUM LIKELIHOOD
parameters
      Estimate    s.d. t-stat

tau     1.7184  0.2354  7.2986
kap     0.1539  0.0114 13.4949
psi2    1.2503  0.1313  9.5246
rhoR    0.6231  0.0198 31.5308
rhoz    0.6563  0.0146 44.9721
rhog    0.9593  0.0097 99.0465
stdR    0.2092  0.0074 28.3751
stdz    0.4344  0.0198 21.9234
stdg    0.7961  0.0178 44.6733
p_A     3.9788  0.0140 284.5535
gam_Q   0.4571  0.0410 11.1531
r_A     4.1609  0.1112 37.4237
Total computing time : 0h00m17s
