% MH log file (Dynare).
% 04-Sep-2013 16:48:43.
 

% Session 1.
 
  Number of blocks...............: 3
  Number of simulations per block: 5000
 
  Initial values of the parameters:
    Blck 1:
      params:1: 0.28831
      params:2: 0.22658
      params:3: 2.3566
      logpo2: -347.5677
    Blck 2:
      params:1: 0.28262
      params:2: 0.24588
      params:3: 2.6194
      logpo2: -347.4473
    Blck 3:
      params:1: 0.29407
      params:2: 0.23051
      params:3: 2.7137
      logpo2: -347.5748
 
 
  CREATION OF THE MH HISTORY FILE!

    Expected number of files per block.......: 1.
    Expected number of lines in the last file: 5000.

    Initial seed (randn) for chain number 1:
      1
      1812433254
      3713160357
      3109174145
      64984499
      3392658084
      446538473
      2629760756
      2453345558
      1394803949
      1021787430
      2063496713
      1304877364
      1713639158
      889001601
      1651239412
      1450863289
      745575081
      361057727
      2288771950
      1463387568
      2249488362
      26637982
      204036717
      1655702041
      1329048465
      2092351466
      1681619666
      3220660315
      1301783610
      626286181
      294669048
      3537128440
      3259518248
      2550101273
      1160881866
      308703547
      295714668
      35508674
      1599247281
      376272024
      3166459937
      1852735737
      3680868867
      612352556
      2760189833
      3816750341
      699140493
      1087846865
      394927937
      2063539671
      645417889
      2337669049
      3773167612
      678121169
      3006984620
      1163491294
      2559287860
      543155592
      3194181347
      2463543297
      3875146860
      475483913
      3707568076
      3881808875
      1264657097
      208126250
      1802809301
      367907560
      2433375693
      2851326449
      2380707878
      2911758972
      4243386879
      2229228726
      828161871
      2871116151
      990638198
      178193628
      1012573979
      1223581943
      3333023583
      1901888414
      3913876750
      3168662389
      656194888
      1553610174
      466840498
      686407570
      280737523
      2476489017
      1272981410
      3189431979
      3294710282
      1564477163
      4133221553
      823708826
      880616227
      1730254897
      335723347
      2123911971
      344194767
      119099153
      2915257116
      3339825470
      2524942970
      1191117250
      3403812186
      3988972937
      2575395295
      4072737183
      663832315
      808080503
      724042340
      2966189542
      2499643239
      3309205581
      1915303227
      72616536
      387525935
      2791701251
      2190905566
      3740328774
      831297460
      3750964864
      2190112044
      899144100
      2346558003
      3851695829
      2896963823
      1548614403
      3676707405
      2050891594
      4165893148
      1883017153
      2668787527
      50330561
      2063572142
      1853585557
      1716111087
      2937248370
      1650859709
      2682305722
      565243175
      3922227187
      3482032705
      2809081500
      2099376873
      230358556
      1065827745
      196966939
      3268845630
      3625508265
      1477799595
      4149453740
      2757835686
      3032697936
      2200108791
      3421680711
      4145382259
      3605253072
      1186485728
      3520482151
      3080733463
      3887314157
      4030447755
      1699987022
      1393253586
      1710066407
      710337383
      3754612557
      2741088369
      337455371
      1304761604
      3592681639
      3099385187
      4003676405
      317081535
      997754381
      480565460
      3806265432
      1068029852
      776179010
      470617537
      3653875421
      2273571919
      1055365147
      1317172834
      3414733003
      2835400613
      28845217
      631741764
      2334552212
      3565466095
      1225096926
      1277781438
      2416008223
      1268768054
      2750789241
      267768398
      2175383438
      268654341
      2550530755
      2971623408
      1666669894
      1934871760
      509782083
      2798468670
      2834016892
      2494149255
      1965005899
      2653045765
      2317194903
      1297426078
      916214929
      2967861004
      2236807006
      2476725285
      128488253
      4277714156
      3016192551
      1690883702
      1329810641
      593010415
      2341313579
      1754238478
      1242698701
      2152594527
      2103269013
      926178633
      647225267
      4243787142
      1489208161
      3188798921
      1327553793
      3644600811
      684513652
      2606555057
      2705329549
      2557469018
      1294205096
      70104222
      3020083528
      2015571237
      2768573480
      401698695
      2812362809
      328919870
      984940142
      1653817439
      471643152
      538942283
      2040555667
      1211982999
      1663497772
      2941793728
      3001026698
      313271977
      3644502703
      2423950047
      2629046069
      3450826936
      44600781
      2633869288
      4267014746
      4204914470
      1955987363
      2590608885
      2120168063
      1460034243
      258056600
      3693550087
      779446436
      902696389
      4228701387
      3165791227
      3478614865
      1500865135
      905884796
      3682046467
      2437847832
      2595888219
      4144484663
      1299603103
      648536946
      1762836247
      4265749196
      950840266
      2928992722
      2051369009
      2071186450
      1164619682
      210405235
      1296628868
      2425474719
      4083386904
      1978331343
      3190898799
      602128683
      2003319330
      1043377147
      756690484
      24776626
      1835824233
      1156421176
      2125448878
      1333136189
      607751135
      4255614767
      4238533009
      2583175632
      230472465
      3037259757
      1546348932
      2537279411
      110471952
      520621708
      63613561
      2843673595
      775036
      1899744556
      1168115970
      2685086321
      3410250658
      3151102153
      634647644
      3639125394
      3344624764
      1525171811
      1878800371
      3356530116
      3676542926
      602053165
      2686708238
      3703555082
      3754961372
      3970030923
      1749014201
      3391107050
      2478152000
      2121779806
      2636689360
      769835312
      4230539591
      1909812524
      417081626
      3096519324
      387659697
      3764499249
      3452925463
      3818277698
      3008920324
      15253694
      1479260759
      2421328720
      2220743357
      38831551
      1032912064
      3400956198
      2362808832
      3988706866
      1950464958
      3248573125
      1225815945
      1211036180
      346407094
      3867176764
      1257086026
      2725236231
      2843735658
      4147241082
      1729974832
      1256499145
      3765975901
      784776076
      4288277427
      3903532520
      3431522864
      2792589977
      2935989154
      3536596892
      3512984120
      605476293
      1774961976
      981422589
      822525778
      3343539932
      422954622
      1323482938
      2523465420
      2746609356
      1664448205
      272567300
      711582493
      3625722107
      3615865699
      950619756
      2864168489
      108006277
      3976313352
      680217319
      173747636
      291134870
      198587329
      595310009
      941470866
      2438488368
      1681923153
      1654783272
      3531789254
      4149541715
      2922706987
      684907209
      3116688362
      3288142886
      3953377592
      3332428007
      1400401813
      3745921798
      1701705628
      3744511893
      1838265811
      3314032512
      3894840150
      3810031409
      181324387
      983160249
      1444959400
      3836664153
      3032673327
      310789231
      3701565562
      1407580781
      2511575629
      3113822685
      1777261998
      2208898751
      106383174
      2961020500
      995776421
      3306087121
      2181030035
      2300064751
      1909543740
      4023156173
      1671619075
      2151956104
      237668401
      3204511253
      1303668692
      3868259787
      2737897899
      4091026033
      2877780671
      134376279
      398912026
      863520778
      3712468923
      3443213666
      2183809552
      2597379302
      349776833
      274697715
      4266593710
      4282186769
      3530757867
      520237914
      3369037397
      2285670338
      387086485
      618942879
      219892882
      2008897906
      2293749560
      2907436476
      3853296593
      327550390
      1558751403
      2125694704
      1822570484
      2409968265
      436622776
      2691124090
      1080819771
      2958107334
      2667158841
      2117901613
      440045635
      3861104471
      3574962701
      3210299248
      1368601573
      2434039520
      86704919
      3628108033
      1909858745
      227461000
      2530509465
      838433817
      730224848
      1060658180
      1318482825
      233266846
      2352800845
      2086493219
      3826355555
      3174377690
      1455208243
      1356597942
      663563056
      2501819374
      4213535259
      1585241464
      873997246
      2597898744
      427064229
      1587746589
      259660817
      1688808891
      4165834345
      1359025114
      2013923952
      2963511711
      2903220732
      356112706
      501549847
      1609412897
      1685128111
      2639303606
      700554261
      914150235
      2010650618
      2029243163
      3046509911
      715702687
      2206956754
      3045298216
      2922667179
      2497577415
      3001819604
      706666890
      2275923855
      3094184383
      2781697712
      3292952666
      4238614078
      278500659
      1440033346
      1552714131
      336554687
      2842580609
      2255044310
      2180071372
      99970159
      2078552309
      1172694639
      1359399314
      546452524
      349053834
      3072254369
      3043246719
      3314426498
      1594992663
      3582269665
      2114045278
      585873328
      840739494
      3475778485
      1506518790
      4008486652
      229989333
      3582278212
      363921215
      3592842520
      1833533669
      708173875
      564248927
      853943228
      2282731374
      2874158047
      3978663285
      2332696531
      1354524859
      58121641
      1445193461
      1936635021
      3374328198
      3465253060
      385589199
      1819596280
      912895627
      1877426726
      733280947
      2004202992
      3311780711
      3732053191
      309903272
      97290141
      2945419335
      3916477072
      1326195031
      3740938055
      3604745262
      3633308956
      3392929431
      1257547457
      251825182
      3318700085
      847033774
      137350663
      1716455973
      546850455
      4227574519
      3044214953
      2259874013
      2442748258
      2956971336
      2198772379
      1269686727
      2648116105
      1339159363
      1473334647
      2386671612
      2069268389
      624
    Initial seed (rand) for chain number 1:
      1
      1812433254
      3713160357
      3109174145
      64984499
      3392658084
      446538473
      2629760756
      2453345558
      1394803949
      1021787430
      2063496713
      1304877364
      1713639158
      889001601
      1651239412
      1450863289
      745575081
      361057727
      2288771950
      1463387568
      2249488362
      26637982
      204036717
      1655702041
      1329048465
      2092351466
      1681619666
      3220660315
      1301783610
      626286181
      294669048
      3537128440
      3259518248
      2550101273
      1160881866
      308703547
      295714668
      35508674
      1599247281
      376272024
      3166459937
      1852735737
      3680868867
      612352556
      2760189833
      3816750341
      699140493
      1087846865
      394927937
      2063539671
      645417889
      2337669049
      3773167612
      678121169
      3006984620
      1163491294
      2559287860
      543155592
      3194181347
      2463543297
      3875146860
      475483913
      3707568076
      3881808875
      1264657097
      208126250
      1802809301
      367907560
      2433375693
      2851326449
      2380707878
      2911758972
      4243386879
      2229228726
      828161871
      2871116151
      990638198
      178193628
      1012573979
      1223581943
      3333023583
      1901888414
      3913876750
      3168662389
      656194888
      1553610174
      466840498
      686407570
      280737523
      2476489017
      1272981410
      3189431979
      3294710282
      1564477163
      4133221553
      823708826
      880616227
      1730254897
      335723347
      2123911971
      344194767
      119099153
      2915257116
      3339825470
      2524942970
      1191117250
      3403812186
      3988972937
      2575395295
      4072737183
      663832315
      808080503
      724042340
      2966189542
      2499643239
      3309205581
      1915303227
      72616536
      387525935
      2791701251
      2190905566
      3740328774
      831297460
      3750964864
      2190112044
      899144100
      2346558003
      3851695829
      2896963823
      1548614403
      3676707405
      2050891594
      4165893148
      1883017153
      2668787527
      50330561
      2063572142
      1853585557
      1716111087
      2937248370
      1650859709
      2682305722
      565243175
      3922227187
      3482032705
      2809081500
      2099376873
      230358556
      1065827745
      196966939
      3268845630
      3625508265
      1477799595
      4149453740
      2757835686
      3032697936
      2200108791
      3421680711
      4145382259
      3605253072
      1186485728
      3520482151
      3080733463
      3887314157
      4030447755
      1699987022
      1393253586
      1710066407
      710337383
      3754612557
      2741088369
      337455371
      1304761604
      3592681639
      3099385187
      4003676405
      317081535
      997754381
      480565460
      3806265432
      1068029852
      776179010
      470617537
      3653875421
      2273571919
      1055365147
      1317172834
      3414733003
      2835400613
      28845217
      631741764
      2334552212
      3565466095
      1225096926
      1277781438
      2416008223
      1268768054
      2750789241
      267768398
      2175383438
      268654341
      2550530755
      2971623408
      1666669894
      1934871760
      509782083
      2798468670
      2834016892
      2494149255
      1965005899
      2653045765
      2317194903
      1297426078
      916214929
      2967861004
      2236807006
      2476725285
      128488253
      4277714156
      3016192551
      1690883702
      1329810641
      593010415
      2341313579
      1754238478
      1242698701
      2152594527
      2103269013
      926178633
      647225267
      4243787142
      1489208161
      3188798921
      1327553793
      3644600811
      684513652
      2606555057
      2705329549
      2557469018
      1294205096
      70104222
      3020083528
      2015571237
      2768573480
      401698695
      2812362809
      328919870
      984940142
      1653817439
      471643152
      538942283
      2040555667
      1211982999
      1663497772
      2941793728
      3001026698
      313271977
      3644502703
      2423950047
      2629046069
      3450826936
      44600781
      2633869288
      4267014746
      4204914470
      1955987363
      2590608885
      2120168063
      1460034243
      258056600
      3693550087
      779446436
      902696389
      4228701387
      3165791227
      3478614865
      1500865135
      905884796
      3682046467
      2437847832
      2595888219
      4144484663
      1299603103
      648536946
      1762836247
      4265749196
      950840266
      2928992722
      2051369009
      2071186450
      1164619682
      210405235
      1296628868
      2425474719
      4083386904
      1978331343
      3190898799
      602128683
      2003319330
      1043377147
      756690484
      24776626
      1835824233
      1156421176
      2125448878
      1333136189
      607751135
      4255614767
      4238533009
      2583175632
      230472465
      3037259757
      1546348932
      2537279411
      110471952
      520621708
      63613561
      2843673595
      775036
      1899744556
      1168115970
      2685086321
      3410250658
      3151102153
      634647644
      3639125394
      3344624764
      1525171811
      1878800371
      3356530116
      3676542926
      602053165
      2686708238
      3703555082
      3754961372
      3970030923
      1749014201
      3391107050
      2478152000
      2121779806
      2636689360
      769835312
      4230539591
      1909812524
      417081626
      3096519324
      387659697
      3764499249
      3452925463
      3818277698
      3008920324
      15253694
      1479260759
      2421328720
      2220743357
      38831551
      1032912064
      3400956198
      2362808832
      3988706866
      1950464958
      3248573125
      1225815945
      1211036180
      346407094
      3867176764
      1257086026
      2725236231
      2843735658
      4147241082
      1729974832
      1256499145
      3765975901
      784776076
      4288277427
      3903532520
      3431522864
      2792589977
      2935989154
      3536596892
      3512984120
      605476293
      1774961976
      981422589
      822525778
      3343539932
      422954622
      1323482938
      2523465420
      2746609356
      1664448205
      272567300
      711582493
      3625722107
      3615865699
      950619756
      2864168489
      108006277
      3976313352
      680217319
      173747636
      291134870
      198587329
      595310009
      941470866
      2438488368
      1681923153
      1654783272
      3531789254
      4149541715
      2922706987
      684907209
      3116688362
      3288142886
      3953377592
      3332428007
      1400401813
      3745921798
      1701705628
      3744511893
      1838265811
      3314032512
      3894840150
      3810031409
      181324387
      983160249
      1444959400
      3836664153
      3032673327
      310789231
      3701565562
      1407580781
      2511575629
      3113822685
      1777261998
      2208898751
      106383174
      2961020500
      995776421
      3306087121
      2181030035
      2300064751
      1909543740
      4023156173
      1671619075
      2151956104
      237668401
      3204511253
      1303668692
      3868259787
      2737897899
      4091026033
      2877780671
      134376279
      398912026
      863520778
      3712468923
      3443213666
      2183809552
      2597379302
      349776833
      274697715
      4266593710
      4282186769
      3530757867
      520237914
      3369037397
      2285670338
      387086485
      618942879
      219892882
      2008897906
      2293749560
      2907436476
      3853296593
      327550390
      1558751403
      2125694704
      1822570484
      2409968265
      436622776
      2691124090
      1080819771
      2958107334
      2667158841
      2117901613
      440045635
      3861104471
      3574962701
      3210299248
      1368601573
      2434039520
      86704919
      3628108033
      1909858745
      227461000
      2530509465
      838433817
      730224848
      1060658180
      1318482825
      233266846
      2352800845
      2086493219
      3826355555
      3174377690
      1455208243
      1356597942
      663563056
      2501819374
      4213535259
      1585241464
      873997246
      2597898744
      427064229
      1587746589
      259660817
      1688808891
      4165834345
      1359025114
      2013923952
      2963511711
      2903220732
      356112706
      501549847
      1609412897
      1685128111
      2639303606
      700554261
      914150235
      2010650618
      2029243163
      3046509911
      715702687
      2206956754
      3045298216
      2922667179
      2497577415
      3001819604
      706666890
      2275923855
      3094184383
      2781697712
      3292952666
      4238614078
      278500659
      1440033346
      1552714131
      336554687
      2842580609
      2255044310
      2180071372
      99970159
      2078552309
      1172694639
      1359399314
      546452524
      349053834
      3072254369
      3043246719
      3314426498
      1594992663
      3582269665
      2114045278
      585873328
      840739494
      3475778485
      1506518790
      4008486652
      229989333
      3582278212
      363921215
      3592842520
      1833533669
      708173875
      564248927
      853943228
      2282731374
      2874158047
      3978663285
      2332696531
      1354524859
      58121641
      1445193461
      1936635021
      3374328198
      3465253060
      385589199
      1819596280
      912895627
      1877426726
      733280947
      2004202992
      3311780711
      3732053191
      309903272
      97290141
      2945419335
      3916477072
      1326195031
      3740938055
      3604745262
      3633308956
      3392929431
      1257547457
      251825182
      3318700085
      847033774
      137350663
      1716455973
      546850455
      4227574519
      3044214953
      2259874013
      2442748258
      2956971336
      2198772379
      1269686727
      2648116105
      1339159363
      1473334647
      2386671612
      2069268389
      624
    Initial seed (randn) for chain number 2:
      2
      3624866507
      846688490
      2733819477
      1447939927
      2751582963
      523383323
      3998955438
      1552125001
      468770929
      3174827423
      721042428
      3535242872
      3938247060
      2422198177
      2908759646
      3086638684
      3470362919
      4130561862
      1461945164
      1969357429
      3290893273
      2478135064
      2883471193
      442423807
      3020847284
      3712550376
      2942769362
      3450083884
      2131393448
      1760508619
      1079921617
      2926983472
      3248378587
      2176075610
      3115728347
      149850049
      1325979722
      2018146493
      3978444371
      1443587512
      3757974310
      4061506243
      3324845547
      103150772
      1574559537
      4189437470
      909936288
      4165778768
      954014960
      3460881122
      1208468472
      4206858865
      2349975855
      1139307511
      612263493
      4068230769
      836291891
      3502129241
      3858075069
      720214578
      1721800695
      1583913548
      3992130976
      1391510671
      3658451527
      3506172182
      3137165964
      3175921738
      668679341
      2981266823
      1736825536
      3777468269
      2427100335
      2783143307
      3066847320
      413674958
      3816771731
      3611810078
      2387881408
      1275125722
      4146169016
      4116607257
      1753188757
      2919070648
      642669239
      3128342921
      3505362734
      3299392025
      4041168539
      194806354
      2126204085
      1155372896
      3507921570
      4183642851
      390828735
      965876923
      2502060328
      3640719348
      500564950
      2958494162
      726085493
      3551417999
      1038946723
      2355966135
      2266502354
      2169734778
      103957955
      2239750491
      3497757066
      3960902779
      3919891399
      2708228292
      672443535
      3966344157
      3039186185
      3064219851
      3275966658
      1958870427
      3363207225
      1051359578
      1034488571
      4218333313
      3731099077
      826434970
      3066527807
      503397775
      2203570410
      1724486664
      1174354190
      379816557
      949285508
      1512592024
      4098586594
      4162106699
      1244073455
      4049526126
      149401994
      2486298108
      2645994433
      4048691067
      2760221413
      1429726385
      155150847
      263670059
      1839522184
      1971211423
      2988886249
      2906654795
      2763085410
      3184555126
      2428241499
      1912808117
      2344289693
      1914982229
      303251647
      3363291895
      1933606625
      4101500670
      3877744496
      2270413823
      1339668594
      2478854401
      2974781906
      1176295348
      1522792462
      3413763473
      1643164993
      1773585128
      600348566
      3831305432
      3739184658
      2927920737
      921239740
      2960516826
      653634535
      4282151379
      3899733953
      2848969276
      506667305
      2064254689
      2562889493
      1027730377
      2964297732
      1573662998
      1400221132
      604719003
      2600612834
      1086412828
      2839169326
      2237360922
      2533955895
      2173128617
      3585208888
      225649929
      3162402384
      2737400094
      945452241
      32174139
      4057815822
      3681149417
      538074139
      1665518193
      1290718971
      1204908910
      1752298136
      1576507435
      1950581601
      395392432
      3117768513
      1610510657
      582872851
      3882188371
      3486754405
      3612818708
      79522282
      3654222890
      554014214
      2795988792
      2699019453
      768333623
      1041848464
      1012203950
      3207710853
      2191875363
      2180736998
      3657761238
      2596779756
      1513261770
      298083836
      921966930
      2568544321
      480859735
      4268007484
      757985477
      442264484
      4253891744
      178333756
      3653303450
      2759887436
      1625051062
      2140496676
      2583817099
      109920000
      3849378804
      587135080
      3965692414
      3584128712
      2496889359
      4066788634
      3439502551
      1041005727
      2784445111
      4231212902
      3427909847
      306088099
      708846671
      1357224748
      81546947
      1013346034
      3328657534
      1140162390
      1617022297
      451026111
      4191194979
      2544038377
      3358406081
      2078869653
      1150523248
      3663542690
      2315642515
      380539204
      125351140
      2913559301
      3540242901
      1353142401
      2409055124
      3136483651
      3384539323
      2622200239
      1322006361
      60288721
      1836454543
      3378860321
      1028797830
      784192763
      3200015141
      4280866434
      3480136453
      1163505791
      1464340696
      39962560
      3132723172
      4035042531
      3968861574
      2859031456
      1997068818
      2914465192
      3299223356
      658977798
      2383986058
      3689451477
      1855211164
      613736992
      3399505872
      721916528
      1214953314
      1978881602
      1644160163
      868083487
      1886701425
      2430443623
      3238614545
      440178771
      4122051833
      168378845
      4075897453
      784209059
      2122211469
      1029375099
      3987445959
      1993353877
      3774218662
      259191900
      463709584
      3256509205
      2970214132
      32546389
      3103585745
      404744328
      1405060850
      3194833450
      2229644052
      1287997179
      1168559088
      4253642852
      456227059
      115590192
      959060034
      2523194717
      2921813711
      2660496694
      1661244122
      3949077694
      546088169
      3927753286
      758289299
      4076004698
      2818580089
      297327332
      391012690
      1698646201
      1827285496
      2057818526
      45927453
      4001566164
      1358792247
      340974259
      3667858693
      2116911813
      1716223164
      3870579962
      565768359
      1330729550
      1682620823
      640788379
      2642810005
      722202626
      3342124090
      1046670574
      1884608856
      926507664
      4048745540
      1013276792
      1474775246
      3319759394
      683213181
      3644095690
      4261137863
      1171395535
      1797066690
      2184942700
      3136450276
      2403915837
      19925339
      3530712424
      693454777
      4095102592
      2791708211
      2407398362
      191034814
      1405068157
      1635573108
      3002727858
      2503231482
      1877745251
      2971168822
      4095482385
      2810703016
      116218529
      663481365
      3424543450
      181543471
      2088477982
      3758013903
      4087811857
      2306315696
      1797804753
      3739876776
      1052678416
      2961962218
      530565411
      1084430187
      600176751
      2920770665
      1395657430
      2275563379
      1945041462
      2897291349
      3202120438
      2541033448
      3395594999
      1440745450
      554493022
      3604900030
      1693940026
      2048944369
      2776750171
      1064369609
      1004778234
      3631442000
      111252846
      2495206422
      1549492629
      1917957398
      2076623558
      2065193271
      3503495683
      305349558
      1064312453
      4180949297
      3969143923
      1187332586
      1837549170
      1199888411
      801451519
      878812761
      3366984668
      1132353467
      467740707
      1531220625
      1986847891
      3611709790
      97771638
      2599466580
      921040821
      3695024433
      598160515
      1067897977
      1070962312
      4203425140
      3330187456
      3176319421
      400150826
      1778712930
      1332512992
      356084631
      3210494822
      3878886472
      4217065068
      17324705
      1194519644
      169871241
      594168806
      4141353368
      2812067586
      1007574236
      3143655593
      1231988821
      990469891
      731912463
      3875269580
      3107901837
      3268884046
      51553093
      3265091870
      2827988823
      215460720
      1810208024
      235746758
      2640785160
      3542608605
      3212999042
      3019862381
      2776967609
      2566622134
      3136123892
      3329714175
      1537598558
      1111683694
      1831866047
      1527480555
      1374492744
      2861082564
      2283612438
      3725126365
      1934064016
      976785712
      1985214956
      1901883774
      3769548825
      1651881537
      3535350080
      2666996848
      287335676
      716617071
      1798766031
      2468831819
      2653018579
      2711800444
      2500416446
      1688315701
      3098398094
      2389050951
      259942469
      3096384070
      2434046690
      2292847
      2179858651
      860453038
      1112784056
      806844432
      2431840356
      3444142163
      491004326
      4117569173
      1468356934
      1230256668
      3558831243
      360563651
      1723242763
      2771827983
      555715903
      1690465018
      3642536487
      312708693
      2718279339
      3439997904
      3381092195
      269681413
      3040927775
      2538795672
      2982421226
      3983011761
      4012234084
      3807531726
      4152713741
      2675650483
      3522595843
      2603695663
      1139711729
      415442657
      821281271
      1153021862
      4196324887
      2034707481
      1146437550
      645908802
      3958160194
      1331866590
      3875612725
      2742273417
      2083607827
      1367028823
      3405229612
      926409162
      359084274
      428200891
      1580768777
      723559275
      390184571
      1966930892
      1114312487
      4049752645
      2713447910
      313516349
      1670939739
      2155242445
      415771127
      1060028352
      810510606
      1441723093
      3674555380
      1244922308
      1138369035
      2811021893
      4005351255
      1455276665
      3073897390
      1949184307
      4276825362
      3579699982
      501713787
      1784405218
      3987251947
      1460563941
      1372531538
      1479574814
      2050694811
      2867429155
      3373192039
      968223959
      1315340855
      563759027
      1277302533
      2564831995
      4174743461
      794844391
      1091389581
      3521416615
      779397152
      3672078093
      440563956
      765480627
      624
    Initial seed (rand) for chain number 2:
      2
      3624866507
      846688490
      2733819477
      1447939927
      2751582963
      523383323
      3998955438
      1552125001
      468770929
      3174827423
      721042428
      3535242872
      3938247060
      2422198177
      2908759646
      3086638684
      3470362919
      4130561862
      1461945164
      1969357429
      3290893273
      2478135064
      2883471193
      442423807
      3020847284
      3712550376
      2942769362
      3450083884
      2131393448
      1760508619
      1079921617
      2926983472
      3248378587
      2176075610
      3115728347
      149850049
      1325979722
      2018146493
      3978444371
      1443587512
      3757974310
      4061506243
      3324845547
      103150772
      1574559537
      4189437470
      909936288
      4165778768
      954014960
      3460881122
      1208468472
      4206858865
      2349975855
      1139307511
      612263493
      4068230769
      836291891
      3502129241
      3858075069
      720214578
      1721800695
      1583913548
      3992130976
      1391510671
      3658451527
      3506172182
      3137165964
      3175921738
      668679341
      2981266823
      1736825536
      3777468269
      2427100335
      2783143307
      3066847320
      413674958
      3816771731
      3611810078
      2387881408
      1275125722
      4146169016
      4116607257
      1753188757
      2919070648
      642669239
      3128342921
      3505362734
      3299392025
      4041168539
      194806354
      2126204085
      1155372896
      3507921570
      4183642851
      390828735
      965876923
      2502060328
      3640719348
      500564950
      2958494162
      726085493
      3551417999
      1038946723
      2355966135
      2266502354
      2169734778
      103957955
      2239750491
      3497757066
      3960902779
      3919891399
      2708228292
      672443535
      3966344157
      3039186185
      3064219851
      3275966658
      1958870427
      3363207225
      1051359578
      1034488571
      4218333313
      3731099077
      826434970
      3066527807
      503397775
      2203570410
      1724486664
      1174354190
      379816557
      949285508
      1512592024
      4098586594
      4162106699
      1244073455
      4049526126
      149401994
      2486298108
      2645994433
      4048691067
      2760221413
      1429726385
      155150847
      263670059
      1839522184
      1971211423
      2988886249
      2906654795
      2763085410
      3184555126
      2428241499
      1912808117
      2344289693
      1914982229
      303251647
      3363291895
      1933606625
      4101500670
      3877744496
      2270413823
      1339668594
      2478854401
      2974781906
      1176295348
      1522792462
      3413763473
      1643164993
      1773585128
      600348566
      3831305432
      3739184658
      2927920737
      921239740
      2960516826
      653634535
      4282151379
      3899733953
      2848969276
      506667305
      2064254689
      2562889493
      1027730377
      2964297732
      1573662998
      1400221132
      604719003
      2600612834
      1086412828
      2839169326
      2237360922
      2533955895
      2173128617
      3585208888
      225649929
      3162402384
      2737400094
      945452241
      32174139
      4057815822
      3681149417
      538074139
      1665518193
      1290718971
      1204908910
      1752298136
      1576507435
      1950581601
      395392432
      3117768513
      1610510657
      582872851
      3882188371
      3486754405
      3612818708
      79522282
      3654222890
      554014214
      2795988792
      2699019453
      768333623
      1041848464
      1012203950
      3207710853
      2191875363
      2180736998
      3657761238
      2596779756
      1513261770
      298083836
      921966930
      2568544321
      480859735
      4268007484
      757985477
      442264484
      4253891744
      178333756
      3653303450
      2759887436
      1625051062
      2140496676
      2583817099
      109920000
      3849378804
      587135080
      3965692414
      3584128712
      2496889359
      4066788634
      3439502551
      1041005727
      2784445111
      4231212902
      3427909847
      306088099
      708846671
      1357224748
      81546947
      1013346034
      3328657534
      1140162390
      1617022297
      451026111
      4191194979
      2544038377
      3358406081
      2078869653
      1150523248
      3663542690
      2315642515
      380539204
      125351140
      2913559301
      3540242901
      1353142401
      2409055124
      3136483651
      3384539323
      2622200239
      1322006361
      60288721
      1836454543
      3378860321
      1028797830
      784192763
      3200015141
      4280866434
      3480136453
      1163505791
      1464340696
      39962560
      3132723172
      4035042531
      3968861574
      2859031456
      1997068818
      2914465192
      3299223356
      658977798
      2383986058
      3689451477
      1855211164
      613736992
      3399505872
      721916528
      1214953314
      1978881602
      1644160163
      868083487
      1886701425
      2430443623
      3238614545
      440178771
      4122051833
      168378845
      4075897453
      784209059
      2122211469
      1029375099
      3987445959
      1993353877
      3774218662
      259191900
      463709584
      3256509205
      2970214132
      32546389
      3103585745
      404744328
      1405060850
      3194833450
      2229644052
      1287997179
      1168559088
      4253642852
      456227059
      115590192
      959060034
      2523194717
      2921813711
      2660496694
      1661244122
      3949077694
      546088169
      3927753286
      758289299
      4076004698
      2818580089
      297327332
      391012690
      1698646201
      1827285496
      2057818526
      45927453
      4001566164
      1358792247
      340974259
      3667858693
      2116911813
      1716223164
      3870579962
      565768359
      1330729550
      1682620823
      640788379
      2642810005
      722202626
      3342124090
      1046670574
      1884608856
      926507664
      4048745540
      1013276792
      1474775246
      3319759394
      683213181
      3644095690
      4261137863
      1171395535
      1797066690
      2184942700
      3136450276
      2403915837
      19925339
      3530712424
      693454777
      4095102592
      2791708211
      2407398362
      191034814
      1405068157
      1635573108
      3002727858
      2503231482
      1877745251
      2971168822
      4095482385
      2810703016
      116218529
      663481365
      3424543450
      181543471
      2088477982
      3758013903
      4087811857
      2306315696
      1797804753
      3739876776
      1052678416
      2961962218
      530565411
      1084430187
      600176751
      2920770665
      1395657430
      2275563379
      1945041462
      2897291349
      3202120438
      2541033448
      3395594999
      1440745450
      554493022
      3604900030
      1693940026
      2048944369
      2776750171
      1064369609
      1004778234
      3631442000
      111252846
      2495206422
      1549492629
      1917957398
      2076623558
      2065193271
      3503495683
      305349558
      1064312453
      4180949297
      3969143923
      1187332586
      1837549170
      1199888411
      801451519
      878812761
      3366984668
      1132353467
      467740707
      1531220625
      1986847891
      3611709790
      97771638
      2599466580
      921040821
      3695024433
      598160515
      1067897977
      1070962312
      4203425140
      3330187456
      3176319421
      400150826
      1778712930
      1332512992
      356084631
      3210494822
      3878886472
      4217065068
      17324705
      1194519644
      169871241
      594168806
      4141353368
      2812067586
      1007574236
      3143655593
      1231988821
      990469891
      731912463
      3875269580
      3107901837
      3268884046
      51553093
      3265091870
      2827988823
      215460720
      1810208024
      235746758
      2640785160
      3542608605
      3212999042
      3019862381
      2776967609
      2566622134
      3136123892
      3329714175
      1537598558
      1111683694
      1831866047
      1527480555
      1374492744
      2861082564
      2283612438
      3725126365
      1934064016
      976785712
      1985214956
      1901883774
      3769548825
      1651881537
      3535350080
      2666996848
      287335676
      716617071
      1798766031
      2468831819
      2653018579
      2711800444
      2500416446
      1688315701
      3098398094
      2389050951
      259942469
      3096384070
      2434046690
      2292847
      2179858651
      860453038
      1112784056
      806844432
      2431840356
      3444142163
      491004326
      4117569173
      1468356934
      1230256668
      3558831243
      360563651
      1723242763
      2771827983
      555715903
      1690465018
      3642536487
      312708693
      2718279339
      3439997904
      3381092195
      269681413
      3040927775
      2538795672
      2982421226
      3983011761
      4012234084
      3807531726
      4152713741
      2675650483
      3522595843
      2603695663
      1139711729
      415442657
      821281271
      1153021862
      4196324887
      2034707481
      1146437550
      645908802
      3958160194
      1331866590
      3875612725
      2742273417
      2083607827
      1367028823
      3405229612
      926409162
      359084274
      428200891
      1580768777
      723559275
      390184571
      1966930892
      1114312487
      4049752645
      2713447910
      313516349
      1670939739
      2155242445
      415771127
      1060028352
      810510606
      1441723093
      3674555380
      1244922308
      1138369035
      2811021893
      4005351255
      1455276665
      3073897390
      1949184307
      4276825362
      3579699982
      501713787
      1784405218
      3987251947
      1460563941
      1372531538
      1479574814
      2050694811
      2867429155
      3373192039
      968223959
      1315340855
      563759027
      1277302533
      2564831995
      4174743461
      794844391
      1091389581
      3521416615
      779397152
      3672078093
      440563956
      765480627
      624
    Initial seed (randn) for chain number 3:
      3
      1142332464
      3889748055
      3734916391
      3619205944
      3194374476
      3300370892
      3741238706
      1713813469
      3702474197
      241177464
      1050338915
      2837241883
      3640707818
      3796221691
      1904152551
      1038965710
      3748165207
      3084231478
      1108096919
      1705718850
      1834514820
      3952287375
      2453141843
      2713237005
      4122401540
      3180079325
      4232345366
      1213216869
      814728081
      2639774035
      2135596564
      1436326761
      3050043433
      3463769113
      1932595301
      1457322904
      4110623874
      3293409291
      1404664655
      2454479854
      3843078213
      3827313096
      4288356418
      708674257
      1425896866
      661169277
      3350907520
      2426863839
      3009715298
      1694568978
      4003286194
      384891657
      2896812994
      131953398
      2308833605
      3606478907
      3680931409
      3990751380
      2605920974
      1100363448
      3466303546
      4251488187
      2100440023
      3105542574
      2910700829
      955604093
      179790484
      2150045864
      3762664791
      785809002
      1898748441
      3686245312
      3026974520
      813470764
      1772487079
      2565504202
      2596422453
      253621249
      376229300
      2733538388
      2533037119
      948871523
      3529025378
      3996381849
      1636376855
      224973828
      3756902891
      4281716960
      4147766504
      3955627025
      711036277
      660827269
      3538943446
      1951998567
      2472355997
      785849883
      3501741064
      3992980409
      3059821253
      329998311
      2353034632
      1125857752
      748811268
      2744609276
      2691153823
      1204067931
      3586565101
      2291862354
      3983099645
      444133540
      4009407779
      3887568400
      3376636144
      2702986065
      3351126834
      825236425
      3042478018
      2731757366
      1831670779
      911191066
      3175010491
      143284855
      373317742
      1174596066
      1468383756
      3875112095
      413978123
      2092838359
      2255068143
      3415693827
      3353379459
      2464808196
      2716010979
      2416136011
      2377865556
      3876799862
      3170436274
      848366074
      1332066861
      1794637800
      925542522
      2874393264
      3592098505
      2973926466
      633630161
      838544647
      1382187862
      2223530215
      2280376302
      3581357234
      3821427564
      1480161891
      1104788291
      1995125668
      3471945140
      4015093967
      1650316569
      4189514518
      2995518696
      4261020402
      3217892022
      1449985446
      211458694
      2002431362
      2687930452
      2736715924
      39475669
      2559274673
      1478850632
      3928393335
      2622693487
      136388781
      3494476270
      3501715503
      3914157579
      3967422936
      2159296280
      4002926580
      1139883046
      7248663
      1313046472
      1250098179
      983072641
      2733463453
      3303057780
      3180628909
      4028941254
      3785927285
      3154011979
      4020490635
      1367044967
      1715478014
      223497564
      979550734
      422710857
      3932402833
      1559650399
      3512226780
      1003777730
      694388050
      3554311203
      1719671146
      3557903106
      1694310705
      1995491517
      2509229818
      1078419623
      996931662
      3952915863
      957077558
      2312844321
      3814149539
      157040885
      853261951
      1931288562
      1681630903
      3468307623
      2580767118
      2322426135
      3858346789
      1248658651
      3465647328
      1045576046
      2435745606
      2426061493
      1715716629
      1512326855
      1905910530
      2772970516
      1370172308
      3756912560
      3221970311
      404982269
      214488763
      1229179826
      1168583051
      1257520735
      2756635140
      4236872525
      4109546678
      3546884442
      1561129487
      705101433
      1413490609
      3898399077
      1455643700
      2833170144
      1681277474
      633459656
      3393623778
      2696868032
      125489030
      3777795803
      4080606262
      2803072744
      2315406674
      2339918225
      2837764865
      3050570802
      2419283956
      2383305491
      1675429819
      1567397737
      4239811856
      395447432
      755743410
      1063775045
      734707781
      633719110
      3366510508
      2082334746
      3049260727
      55346042
      1340222004
      272893180
      1147458688
      755491066
      2589429176
      393835897
      2232949461
      3636504300
      31507557
      25856500
      1965556320
      2662718050
      1748797694
      3626730682
      1078026013
      3212084013
      1299507629
      333528575
      2818829759
      2683433398
      549040426
      3644350649
      4229411978
      3770059830
      2323689235
      2011966432
      3536828913
      2215960487
      24021575
      1955434034
      609707599
      1013228892
      95910526
      4083335913
      3970703750
      2222745518
      1044640786
      854257233
      2154848301
      1159207620
      3735027
      201866522
      3416852094
      3079894414
      2649312634
      3855141271
      254000292
      1904816629
      2223524486
      4081191767
      275410280
      1281479501
      1405094466
      1545005238
      680837243
      3306079440
      200119177
      2909701976
      1048613326
      1533199763
      3903919592
      1342532102
      1376883987
      1966371691
      794510372
      2473928583
      268551629
      673759286
      2959785124
      3919267029
      1811066822
      960616924
      2576724262
      3151440015
      3631314429
      2128247955
      4175120632
      1802444646
      712410115
      226275728
      2821201714
      3939827539
      1574603764
      735204878
      476803820
      1800971395
      563116722
      42445731
      265679801
      1961241192
      3227512281
      3038282351
      494062447
      1899080506
      3487048375
      2378434165
      923614565
      399984460
      2687159920
      3598481007
      124683794
      1457031313
      2691887688
      2835952299
      1264348967
      1157443961
      2980429268
      1104506091
      3806540752
      2300862142
      2033188268
      1785441218
      2444959857
      173431266
      391735726
      1536610603
      1217790232
      2104742244
      3481512801
      1566052659
      2236648516
      297979689
      953658809
      2770242698
      3053075254
      1137979667
      1081606058
      3369558792
      3662149609
      561449701
      3507411693
      3532111739
      2437792750
      3707476403
      1213387784
      1952807462
      91820541
      760184684
      2005013304
      1428822042
      759101253
      1796111576
      4084622397
      1326234647
      1833434192
      3047483032
      799893094
      1879047651
      2013994448
      1276026396
      1663887385
      2710858529
      3738763641
      2411585741
      3437328983
      1203255505
      801487806
      4105028005
      3636018734
      1385602674
      157093905
      466055528
      2872600508
      3136789931
      3803162211
      2079720855
      2587622
      2620127607
      1410075107
      926407141
      1038583317
      3651937542
      534596023
      918685170
      2975390778
      728816601
      404545375
      646379838
      1733592378
      2286036236
      323952204
      3649151427
      2616496776
      2746199099
      1493726535
      1677900905
      4072668884
      822188960
      4081780718
      1465055056
      3377262021
      2667759343
      2768786003
      4237087944
      1996331243
      2403897383
      3922177391
      1703557491
      2992942546
      3278693609
      1524468780
      984048796
      1227239272
      3813599050
      115757739
      1640571478
      3692830003
      4010161617
      2969477052
      2653140441
      3714446411
      4142656077
      4221120684
      1732697586
      1096916423
      3780916999
      1945033342
      497233158
      3349347146
      2798007994
      4270067846
      2794763112
      3969156290
      3739921174
      297188923
      3766723130
      2169406321
      611805524
      2613478426
      1856698223
      1407155806
      979809396
      3762505662
      773485708
      2560813368
      1068240863
      3061423097
      978378502
      3932960094
      382391474
      1924607548
      1236198676
      3391856717
      1713503947
      2890506680
      1152342633
      1231574288
      1260825278
      2530907749
      260798382
      1926518706
      3667551916
      2191993881
      2605439926
      3480028180
      4258524708
      2250298997
      2398834182
      3087134120
      3633889319
      2752713802
      3747187327
      584319236
      3914042541
      3118047424
      120733861
      468635701
      3759637510
      3071329559
      1923678312
      4240727181
      1055032359
      422052997
      2463627164
      4027203962
      124032994
      1059446864
      288117175
      3996659291
      1902076641
      4205569162
      4007492920
      369360243
      1146784652
      3108144591
      3581182224
      462363055
      4227648316
      3594119437
      3388175033
      2424819606
      3501661081
      255414264
      2100315919
      326404286
      4015629103
      1826877078
      717025998
      2250115970
      1317145533
      867843946
      2286993681
      1253333439
      2573211703
      4115721259
      1818662411
      4245327414
      3132586542
      3254305186
      3727331276
      2959705587
      1743180638
      1623735749
      3093972127
      3169851709
      1291169576
      3989442171
      4156420007
      548033028
      4147282405
      599480336
      2205831331
      1959721689
      3587084685
      3376835932
      719978450
      3203879474
      836706121
      3150211879
      3151500532
      439479658
      1134978863
      4162868612
      2100821922
      542841007
      82798188
      1832335102
      3090164734
      4134484176
      1359960228
      973162623
      566662018
      2027341490
      2415342088
      2895387228
      3105666945
      2938012699
      2490007882
      1982630870
      4249500994
      624
    Initial seed (rand) for chain number 3:
      3
      1142332464
      3889748055
      3734916391
      3619205944
      3194374476
      3300370892
      3741238706
      1713813469
      3702474197
      241177464
      1050338915
      2837241883
      3640707818
      3796221691
      1904152551
      1038965710
      3748165207
      3084231478
      1108096919
      1705718850
      1834514820
      3952287375
      2453141843
      2713237005
      4122401540
      3180079325
      4232345366
      1213216869
      814728081
      2639774035
      2135596564
      1436326761
      3050043433
      3463769113
      1932595301
      1457322904
      4110623874
      3293409291
      1404664655
      2454479854
      3843078213
      3827313096
      4288356418
      708674257
      1425896866
      661169277
      3350907520
      2426863839
      3009715298
      1694568978
      4003286194
      384891657
      2896812994
      131953398
      2308833605
      3606478907
      3680931409
      3990751380
      2605920974
      1100363448
      3466303546
      4251488187
      2100440023
      3105542574
      2910700829
      955604093
      179790484
      2150045864
      3762664791
      785809002
      1898748441
      3686245312
      3026974520
      813470764
      1772487079
      2565504202
      2596422453
      253621249
      376229300
      2733538388
      2533037119
      948871523
      3529025378
      3996381849
      1636376855
      224973828
      3756902891
      4281716960
      4147766504
      3955627025
      711036277
      660827269
      3538943446
      1951998567
      2472355997
      785849883
      3501741064
      3992980409
      3059821253
      329998311
      2353034632
      1125857752
      748811268
      2744609276
      2691153823
      1204067931
      3586565101
      2291862354
      3983099645
      444133540
      4009407779
      3887568400
      3376636144
      2702986065
      3351126834
      825236425
      3042478018
      2731757366
      1831670779
      911191066
      3175010491
      143284855
      373317742
      1174596066
      1468383756
      3875112095
      413978123
      2092838359
      2255068143
      3415693827
      3353379459
      2464808196
      2716010979
      2416136011
      2377865556
      3876799862
      3170436274
      848366074
      1332066861
      1794637800
      925542522
      2874393264
      3592098505
      2973926466
      633630161
      838544647
      1382187862
      2223530215
      2280376302
      3581357234
      3821427564
      1480161891
      1104788291
      1995125668
      3471945140
      4015093967
      1650316569
      4189514518
      2995518696
      4261020402
      3217892022
      1449985446
      211458694
      2002431362
      2687930452
      2736715924
      39475669
      2559274673
      1478850632
      3928393335
      2622693487
      136388781
      3494476270
      3501715503
      3914157579
      3967422936
      2159296280
      4002926580
      1139883046
      7248663
      1313046472
      1250098179
      983072641
      2733463453
      3303057780
      3180628909
      4028941254
      3785927285
      3154011979
      4020490635
      1367044967
      1715478014
      223497564
      979550734
      422710857
      3932402833
      1559650399
      3512226780
      1003777730
      694388050
      3554311203
      1719671146
      3557903106
      1694310705
      1995491517
      2509229818
      1078419623
      996931662
      3952915863
      957077558
      2312844321
      3814149539
      157040885
      853261951
      1931288562
      1681630903
      3468307623
      2580767118
      2322426135
      3858346789
      1248658651
      3465647328
      1045576046
      2435745606
      2426061493
      1715716629
      1512326855
      1905910530
      2772970516
      1370172308
      3756912560
      3221970311
      404982269
      214488763
      1229179826
      1168583051
      1257520735
      2756635140
      4236872525
      4109546678
      3546884442
      1561129487
      705101433
      1413490609
      3898399077
      1455643700
      2833170144
      1681277474
      633459656
      3393623778
      2696868032
      125489030
      3777795803
      4080606262
      2803072744
      2315406674
      2339918225
      2837764865
      3050570802
      2419283956
      2383305491
      1675429819
      1567397737
      4239811856
      395447432
      755743410
      1063775045
      734707781
      633719110
      3366510508
      2082334746
      3049260727
      55346042
      1340222004
      272893180
      1147458688
      755491066
      2589429176
      393835897
      2232949461
      3636504300
      31507557
      25856500
      1965556320
      2662718050
      1748797694
      3626730682
      1078026013
      3212084013
      1299507629
      333528575
      2818829759
      2683433398
      549040426
      3644350649
      4229411978
      3770059830
      2323689235
      2011966432
      3536828913
      2215960487
      24021575
      1955434034
      609707599
      1013228892
      95910526
      4083335913
      3970703750
      2222745518
      1044640786
      854257233
      2154848301
      1159207620
      3735027
      201866522
      3416852094
      3079894414
      2649312634
      3855141271
      254000292
      1904816629
      2223524486
      4081191767
      275410280
      1281479501
      1405094466
      1545005238
      680837243
      3306079440
      200119177
      2909701976
      1048613326
      1533199763
      3903919592
      1342532102
      1376883987
      1966371691
      794510372
      2473928583
      268551629
      673759286
      2959785124
      3919267029
      1811066822
      960616924
      2576724262
      3151440015
      3631314429
      2128247955
      4175120632
      1802444646
      712410115
      226275728
      2821201714
      3939827539
      1574603764
      735204878
      476803820
      1800971395
      563116722
      42445731
      265679801
      1961241192
      3227512281
      3038282351
      494062447
      1899080506
      3487048375
      2378434165
      923614565
      399984460
      2687159920
      3598481007
      124683794
      1457031313
      2691887688
      2835952299
      1264348967
      1157443961
      2980429268
      1104506091
      3806540752
      2300862142
      2033188268
      1785441218
      2444959857
      173431266
      391735726
      1536610603
      1217790232
      2104742244
      3481512801
      1566052659
      2236648516
      297979689
      953658809
      2770242698
      3053075254
      1137979667
      1081606058
      3369558792
      3662149609
      561449701
      3507411693
      3532111739
      2437792750
      3707476403
      1213387784
      1952807462
      91820541
      760184684
      2005013304
      1428822042
      759101253
      1796111576
      4084622397
      1326234647
      1833434192
      3047483032
      799893094
      1879047651
      2013994448
      1276026396
      1663887385
      2710858529
      3738763641
      2411585741
      3437328983
      1203255505
      801487806
      4105028005
      3636018734
      1385602674
      157093905
      466055528
      2872600508
      3136789931
      3803162211
      2079720855
      2587622
      2620127607
      1410075107
      926407141
      1038583317
      3651937542
      534596023
      918685170
      2975390778
      728816601
      404545375
      646379838
      1733592378
      2286036236
      323952204
      3649151427
      2616496776
      2746199099
      1493726535
      1677900905
      4072668884
      822188960
      4081780718
      1465055056
      3377262021
      2667759343
      2768786003
      4237087944
      1996331243
      2403897383
      3922177391
      1703557491
      2992942546
      3278693609
      1524468780
      984048796
      1227239272
      3813599050
      115757739
      1640571478
      3692830003
      4010161617
      2969477052
      2653140441
      3714446411
      4142656077
      4221120684
      1732697586
      1096916423
      3780916999
      1945033342
      497233158
      3349347146
      2798007994
      4270067846
      2794763112
      3969156290
      3739921174
      297188923
      3766723130
      2169406321
      611805524
      2613478426
      1856698223
      1407155806
      979809396
      3762505662
      773485708
      2560813368
      1068240863
      3061423097
      978378502
      3932960094
      382391474
      1924607548
      1236198676
      3391856717
      1713503947
      2890506680
      1152342633
      1231574288
      1260825278
      2530907749
      260798382
      1926518706
      3667551916
      2191993881
      2605439926
      3480028180
      4258524708
      2250298997
      2398834182
      3087134120
      3633889319
      2752713802
      3747187327
      584319236
      3914042541
      3118047424
      120733861
      468635701
      3759637510
      3071329559
      1923678312
      4240727181
      1055032359
      422052997
      2463627164
      4027203962
      124032994
      1059446864
      288117175
      3996659291
      1902076641
      4205569162
      4007492920
      369360243
      1146784652
      3108144591
      3581182224
      462363055
      4227648316
      3594119437
      3388175033
      2424819606
      3501661081
      255414264
      2100315919
      326404286
      4015629103
      1826877078
      717025998
      2250115970
      1317145533
      867843946
      2286993681
      1253333439
      2573211703
      4115721259
      1818662411
      4245327414
      3132586542
      3254305186
      3727331276
      2959705587
      1743180638
      1623735749
      3093972127
      3169851709
      1291169576
      3989442171
      4156420007
      548033028
      4147282405
      599480336
      2205831331
      1959721689
      3587084685
      3376835932
      719978450
      3203879474
      836706121
      3150211879
      3151500532
      439479658
      1134978863
      4162868612
      2100821922
      542841007
      82798188
      1832335102
      3090164734
      4134484176
      1359960228
      973162623
      566662018
      2027341490
      2415342088
      2895387228
      3105666945
      2938012699
      2490007882
      1982630870
      4249500994
      624
 

% Mh1Blck1 (04-Sep-2013 16:49:25)
 
  Number of simulations.: 5000
  Acceptation rate......: 0.2326
  Posterior mean........:
    params:1: 0.27901
    params:2: 0.25043
    params:3: 2.7551
    log2po:-348.9062
  Minimum value.........:
    params:1: 0.20919
    params:2: 0.13966
    params:3: 1.4829
    log2po:-357.6769
  Maximum value.........:
    params:1: 0.36219
    params:2: 0.39038
    params:3: 6.1408
    log2po:-347.4065
 

% Mh1Blck2 (04-Sep-2013 16:50:05)
 
  Number of simulations.: 5000
  Acceptation rate......: 0.2428
  Posterior mean........:
    params:1: 0.27733
    params:2: 0.25546
    params:3: 2.8168
    log2po:-349.0161
  Minimum value.........:
    params:1: 0.19991
    params:2: 0.12693
    params:3: 1.2786
    log2po:-355.0163
  Maximum value.........:
    params:1: 0.36795
    params:2: 0.39762
    params:3: 5.3138
    log2po:-347.4075
 

% Mh1Blck3 (04-Sep-2013 16:50:46)
 
  Number of simulations.: 5000
  Acceptation rate......: 0.229
  Posterior mean........:
    params:1: 0.27843
    params:2: 0.2513
    params:3: 2.7199
    log2po:-348.8709
  Minimum value.........:
    params:1: 0.20083
    params:2: 0.13105
    params:3: 1.2415
    log2po:-358.9068
  Maximum value.........:
    params:1: 0.3492
    params:2: 0.4207
    params:3: 5.9674
    log2po:-347.4202
 

% Session 2.
 
  Number of blocks...............: 3
  Number of simulations per block: 1000
 

% Mh1Blck1 (04-Sep-2013 16:50:59)
 
  Number of simulations.: 6000
  Acceptation rate......: 0.041833
  Posterior mean........:
    params:1: 0.27897
    params:2: 0.25087
    params:3: 2.7514
    log2po:-348.8959
  Minimum value.........:
    params:1: 0.20919
    params:2: 0.13966
    params:3: 1.4829
    log2po:-357.6769
  Maximum value.........:
    params:1: 0.36219
    params:2: 0.39038
    params:3: 6.1408
    log2po:-347.4065
 

% Mh1Blck2 (04-Sep-2013 16:51:08)
 
  Number of simulations.: 6000
  Acceptation rate......: 0.041167
  Posterior mean........:
    params:1: 0.27755
    params:2: 0.25488
    params:3: 2.81
    log2po:-348.9902
  Minimum value.........:
    params:1: 0.19242
    params:2: 0.12693
    params:3: 1.2786
    log2po:-355.0163
  Maximum value.........:
    params:1: 0.36795
    params:2: 0.39762
    params:3: 5.3138
    log2po:-347.4075
 

% Mh1Blck3 (04-Sep-2013 16:51:18)
 
  Number of simulations.: 6000
  Acceptation rate......: 0.037333
  Posterior mean........:
    params:1: 0.27864
    params:2: 0.25116
    params:3: 2.7258
    log2po:-348.8797
  Minimum value.........:
    params:1: 0.20083
    params:2: 0.13105
    params:3: 1.2415
    log2po:-358.9068
  Maximum value.........:
    params:1: 0.3492
    params:2: 0.4207
    params:3: 5.9674
    log2po:-347.4202
 
