 
STEADY-STATE RESULTS:
 
pie             		 0
x               		 0
r               		 0
rstar           		 0
da              		 0
tau             		 0
dy              		 0
 
EIGENVALUES:
         Modulus             Real        Imaginary

               0                0                0
               0               -0                0
               0               -0                0
       3.651e-17       -3.651e-17                0
             0.2              0.2                0
             0.5              0.5                0
           1.145            1.109           0.2859
           1.145            1.109          -0.2859


There are 2 eigenvalue(s) larger than 1 in modulus 
for 2 forward-looking variable(s)
 
The rank condition is verified.
 
 
MODEL SUMMARY
 
  Number of variables:         8
  Number of stochastic shocks: 3
  Number of state variables:   6
  Number of jumpers:           2
  Number of static variables:  1


MATRIX OF COVARIANCE OF EXOGENOUS SHOCKS

Variables    eps0_a     eps_a    eps_tau 
eps0_a       0.000000  0.000000  0.000000
eps_a        0.000000  1.000000  0.000000
eps_tau      0.000000  0.000000  1.000000
 
POLICY AND TRANSITION FUNCTIONS
                         pie             x               r               rstar           da              tau             dy             
da(-1)                             0               0       -0.160000       -0.160000        0.200000               0       -0.800000
tau(-1)                            0               0        0.125000        0.125000               0        0.500000        0.250000
eps_a(-1)                          0               0       -0.800000       -0.800000        1.000000               0        1.000000
x(-1)                              0               0               0               0               0               0       -1.000000
eps0_a                             0               0       -0.800000       -0.800000        1.000000               0        1.000000
eps_a                              0               0        1.000000        1.000000               0               0               0
eps_tau                            0               0        0.005000        0.005000               0        0.020000       -0.010000
Total computing time : 0h00m03s
