 
You did not declare endogenous variables after the estimation/calib_smoother command.
Loading 10000 observations from artificial_sample.mat

Initial value of the log posterior (or likelihood): -523.4485
-----------------
-----------------
f at the beginning of new iteration,       523.4484726106
Predicted improvement:      155.090938956
lambda =          1; f =          353.0991954
Norm of dx    0.17612
----
Improvement on iteration 1 =      170.349277194
-----------------
-----------------
f at the beginning of new iteration,       353.0991954165
Predicted improvement:        3.783689129
lambda =          1; f =          348.7277787
Norm of dx   0.029809
----
Improvement on iteration 2 =        4.371416736
-----------------
-----------------
f at the beginning of new iteration,       348.7277786802
Predicted improvement:        0.156484075
lambda =          1; f =          348.5340662
Norm of dx  0.0066336
----
Improvement on iteration 3 =        0.193712491
-----------------
-----------------
f at the beginning of new iteration,       348.5340661893
Predicted improvement:        0.055655274
lambda =          1; f =          348.4371686
lambda =     1.9332; f =          348.3740167
lambda =     3.7372; f =          348.3338894
Norm of dx  0.0046716
----
Improvement on iteration 4 =        0.200176760
-----------------
-----------------
f at the beginning of new iteration,       348.3338894292
Predicted improvement:        0.123698543
lambda =          1; f =          348.1106558
lambda =     1.9332; f =          347.9451250
lambda =     3.7372; f =          347.7378834
Norm of dx  0.0080556
----
Improvement on iteration 5 =        0.596006016
-----------------
-----------------
f at the beginning of new iteration,       347.7378834135
Predicted improvement:        0.076822941
lambda =          1; f =          347.6629153
Norm of dx    0.01842
----
Improvement on iteration 6 =        0.074968141
-----------------
-----------------
f at the beginning of new iteration,       347.6629152721
Predicted improvement:        0.004309357
lambda =          1; f =          347.6601283
Norm of dx  0.0012749
----
Improvement on iteration 7 =        0.002786954
-----------------
-----------------
f at the beginning of new iteration,       347.6601283186
Predicted improvement:        0.000515080
lambda =          1; f =          347.6594910
Norm of dx 0.00037279
----
Improvement on iteration 8 =        0.000637325
-----------------
-----------------
f at the beginning of new iteration,       347.6594909940
Predicted improvement:        0.000196475
lambda =          1; f =          347.6591372
lambda =     1.9332; f =          347.6588771
lambda =     3.7372; f =          347.6585669
Norm of dx 0.00027637
----
Improvement on iteration 9 =        0.000924062
-----------------
-----------------
f at the beginning of new iteration,       347.6585669317
Predicted improvement:        0.000863864
lambda =          1; f =          347.6569092
lambda =     1.9332; f =          347.6554879
lambda =     3.7372; f =          347.6530852
lambda =     7.2247; f =          347.6497316
lambda =     13.967; f =          347.6480979
Norm of dx  0.0013738
----
Improvement on iteration 10 =        0.010469038
-----------------
-----------------
f at the beginning of new iteration,       347.6480978933
Predicted improvement:        0.009700757
lambda =          1; f =          347.6293118
lambda =     1.9332; f =          347.6128905
lambda =     3.7372; f =          347.5841671
lambda =     7.2247; f =          347.5398398
lambda =     13.967; f =          347.4953829
Norm of dx   0.010051
----
Improvement on iteration 11 =        0.152715029
-----------------
-----------------
f at the beginning of new iteration,       347.4953828643
Predicted improvement:        0.050215909
lambda =          1; f =          347.4232199
lambda =     1.9332; f =          347.4018355
Norm of dx    0.10966
----
Improvement on iteration 12 =        0.093547376
-----------------
-----------------
f at the beginning of new iteration,       347.4018354885
Predicted improvement:        0.001523194
lambda =          1; f =          347.4002495
Norm of dx  0.0041728
----
Improvement on iteration 13 =        0.001586031
-----------------
-----------------
f at the beginning of new iteration,       347.4002494572
Predicted improvement:        0.000002064
lambda =          1; f =          347.4002474
Norm of dx 0.00012829
----
Improvement on iteration 14 =        0.000002031
-----------------
-----------------
f at the beginning of new iteration,       347.4002474267
Predicted improvement:        0.000000001
lambda =          1; f =          347.4002474
lambda =    0.33333; f =          347.4002474
lambda =    0.11111; f =          347.4002474
lambda =   0.037037; f =          347.4002474
Norm of dx 2.5572e-06
----
Improvement on iteration 15 =        0.000000000
improvement < crit termination
Objective function at mode: 347.400247
 
MODE CHECK
 
Fval obtained by the minimization routine: 347.400247
 
 
RESULTS FROM POSTERIOR MAXIMIZATION
parameters
    prior mean     mode    s.d. t-stat prior pstdev

alpha   0.450   0.2806  0.0253 11.1012 beta  0.0500
theta   0.350   0.2423  0.0404  6.0022 beta  0.0500
tau     2.207   2.5826  0.5538  4.6639 gamm  0.5000
 
Log data density [Laplace approximation] is -352.900747.
 
 
STEADY-STATE RESULTS:
 
l 		 0.220442
c 		 0.428348
k 		 4.90769
y 		 0.526502
A 		 1
a 		 0
 
EIGENVALUES:
         Modulus             Real        Imaginary

             0.8              0.8                0
          0.9585           0.9585                0
           1.052            1.052                0
             Inf              Inf                0


There are 2 eigenvalue(s) larger than 1 in modulus 
for 2 forward-looking variable(s)
 
The rank condition is verified.
 
 
You did not declare endogenous variables after the estimation/calib_smoother command.
Loading 10000 observations from artificial_sample.mat

Initial value of the log posterior (or likelihood): -347.4002
 
MODE CHECK
 
Fval obtained by the minimization routine: 347.400247
 
 
RESULTS FROM POSTERIOR MAXIMIZATION
parameters
    prior mean     mode    s.d. t-stat prior pstdev

alpha   0.450   0.2806  0.0253 11.1012 beta  0.0500
theta   0.350   0.2423  0.0404  6.0022 beta  0.0500
tau     2.207   2.5826  0.5538  4.6639 gamm  0.5000
 
Log data density [Laplace approximation] is -352.900747.
 
[Warning: File 'rbcexamedited/metropolis' not found.] 
[> In <a href="matlab: opentoline('C:\dynare\4.3.3\matlab\CheckPath.m',41,1)">CheckPath at 41</a>
  In <a href="matlab: opentoline('C:\dynare\4.3.3\matlab\metropolis_hastings_initialization.m',62,1)">metropolis_hastings_initialization at 62</a>
  In <a href="matlab: opentoline('C:\dynare\4.3.3\matlab\random_walk_metropolis_hastings.m',69,1)">random_walk_metropolis_hastings at 69</a>
  In <a href="matlab: opentoline('C:\dynare\4.3.3\matlab\dynare_estimation_1.m',931,1)">dynare_estimation_1 at 931</a>
  In <a href="matlab: opentoline('C:\dynare\4.3.3\matlab\dynare_estimation.m',70,1)">dynare_estimation at 70</a>
  In <a href="matlab: opentoline('E:\Wuala\Work\SS2013\PhD Macroeconomics\DSGE methods\Exams\Geiecke, Friedrich\rbcexamedited.m',144,1)">rbcexamedited at 144</a>
  In <a href="matlab: opentoline('C:\dynare\4.3.3\matlab\dynare.m',120,1)">dynare at 120</a>] 
MH: Multiple chains mode.
MH: Searching for initial values...
MH: Initial values found!
 
MH: Number of mh files                   : 1 per block.
MH: Total number of generated files      : 3.
MH: Total number of iterations           : 5000.
MH: average acceptation rate per chain   : 
   0.232553489302140   0.242751449710058   0.228954209158168

 
MCMC Diagnostics: Univariate convergence diagnostic, Brooks and Gelman (1998):
    Parameter 1...  Done! 
    Parameter 2...  Done! 
    Parameter 3...  Done! 
 
MH: Total number of Mh draws: 5000.
MH: Total number of generated Mh files: 1.
MH: I'll use mh-files 1 to 1.
MH: In mh-file number 1 i'll start at line 2500.
MH: Finally I keep 2500 draws.
 
MH: I'm computing the posterior mean and covariance...  Done!
 
MH: I'm computing the posterior log marginale density (modified harmonic mean)... 
MH: Modified harmonic mean estimator, done!
 
 
ESTIMATION RESULTS
 
Log data density is -352.863214.
 
parameters
        prior mean post. mean   conf. interval  prior     pstdev

alpha      0.450     0.2783     0.2410   0.3213  beta      0.0500
theta      0.350     0.2527     0.1846   0.3184  beta      0.0500
tau        2.207     2.7395     1.8728   3.6617  gamma     0.5000
 
You did not declare endogenous variables after the estimation/calib_smoother command.
Loading 10000 observations from artificial_sample.mat

Initial value of the log posterior (or likelihood): -347.4002
 
MODE CHECK
 
Fval obtained by the minimization routine: 347.400247
 
 
RESULTS FROM POSTERIOR MAXIMIZATION
parameters
    prior mean     mode    s.d. t-stat prior pstdev

alpha   0.450   0.2806  0.0253 11.1012 beta  0.0500
theta   0.350   0.2423  0.0404  6.0022 beta  0.0500
tau     2.207   2.5826  0.5538  4.6639 gamm  0.5000
 
Log data density [Laplace approximation] is -352.900747.
 
MH: I'm loading past metropolis-hastings simulations...
MH: ... It's done. I've loaded 5000 simulations.
 
MH: Number of mh files                   : 1 per block.
MH: Total number of generated files      : 3.
MH: Total number of iterations           : 6000.
MH: average acceptation rate per chain   : 
   0.250749250749251   0.246753246753247   0.223776223776224

 
MH: Total number of Mh draws: 6000.
MH: Total number of generated Mh files: 1.
MH: I'll use mh-files 1 to 1.
MH: In mh-file number 1 i'll start at line 3000.
MH: Finally I keep 3000 draws.
 
MH: I'm computing the posterior mean and covariance...  Done!
 
MH: I'm computing the posterior log marginale density (modified harmonic mean)... 
MH: Modified harmonic mean estimator, done!
 
 
ESTIMATION RESULTS
 
Log data density is -352.893078.
 
parameters
        prior mean post. mean   conf. interval  prior     pstdev

alpha      0.450     0.2788     0.2394   0.3212  beta      0.0500
theta      0.350     0.2520     0.1900   0.3211  beta      0.0500
tau        2.207     2.7471     1.8484   3.6007  gamma     0.5000
 
STEADY-STATE RESULTS:
 
l 		 0.220442
c 		 0.428348
k 		 4.90769
y 		 0.526502
A 		 1
a 		 0
 
EIGENVALUES:
         Modulus             Real        Imaginary

             0.8              0.8                0
          0.9585           0.9585                0
           1.052            1.052                0
             Inf              Inf                0


There are 2 eigenvalue(s) larger than 1 in modulus 
for 2 forward-looking variable(s)
 
The rank condition is verified.
 
Total computing time : 0h02m40s
