Starting Dynare (version 4.4.1).
Starting preprocessing of the model file ...
Found 7 equation(s).
Evaluating expressions...done
Computing static model derivatives:
 - order 1
Computing dynamic model derivatives:
 - order 1
Processing outputs ...done
Preprocessing completed.
Starting MATLAB/Octave computing.

STEADY-STATE RESULTS:

pie 		 0
dy  		 0
x   		 0
r   		 0
rst 		 0
tau 		 0
da  		 0

EIGENVALUES:
         Modulus             Real        Imaginary

               0                0                0
       1.116e-17        1.116e-17                0
             0.2              0.2                0
             0.5              0.5                0
           1.145            1.109           0.2859
           1.145            1.109          -0.2859


There are 2 eigenvalue(s) larger than 1 in modulus 
for 2 forward-looking variable(s)

The rank condition is verified.


MODEL SUMMARY

  Number of variables:         7
  Number of stochastic shocks: 2
  Number of state variables:   4
  Number of jumpers:           2
  Number of static variables:  2


MATRIX OF COVARIANCE OF EXOGENOUS SHOCKS

Variables     eps_a    eps_tau 
eps_a        1.000000  0.000000
eps_tau      0.000000  1.000000

POLICY AND TRANSITION FUNCTIONS
                                     pie             dy 
tau(-1)                     0.051708        0.396584
da(-1)                      0.008249        0.236596
x(-1)                              0       -1.000000
eps_a                       0.000825        0.023660
eps_tau                     0.002068       -0.004137
Total computing time : 0h00m01s
