 
STEADY-STATE RESULTS:
 
y    		 0
c    		 0
p    		 0
R    		 0
g    		 0
z    		 0
YGR  		 0.5
INFL 		 4
INT  		 6.4
 
EIGENVALUES:
         Modulus             Real        Imaginary

             0.4              0.4                0
            0.65            -0.65                0
            0.95            -0.95                0
           1.061            1.061                0
           1.415            1.415                0


There are 2 eigenvalue(s) larger than 1 in modulus 
for 2 forward-looking variable(s)
 
The rank condition is verified.
 
Total computing time : 0h00m08s
