% MH log file (Dynare).
% 05-Aug-2015 09:58:31.
 

% Session 1.
 
  Number of blocks...............: 3
  Number of simulations per block: 5000
 
  Initial values of the parameters:
    Blck 1:
      params:1: 0.43643
      params:2: 0.36609
      params:3: 2.2518
      logpo2: -444.1333
    Blck 2:
      params:1: 0.44914
      params:2: 0.33341
      params:3: 2.3203
      logpo2: -444.1582
    Blck 3:
      params:1: 0.4449
      params:2: 0.32073
      params:3: 1.9922
      logpo2: -444.1104
 
 
  CREATION OF THE MH HISTORY FILE!

    Expected number of files per block.......: 1.
    Expected number of lines in the last file: 5000.

    Initial state of the Gaussian random number generator for chain number 1:
      124
      1403423981
      2358502686
      2948161551
      2766461477
      4061786216
      483532093
      1496722968
      4290416869
      3127918791
      2186672835
      3060021040
      829524166
      2305223723
      186391867
      509156182
      2955071230
      392463741
      1753452387
      3880846269
      3760793610
      1525193890
      1712195429
      691629707
      2845704175
      1959185818
      2041844033
      3657829979
      3329802452
      3870827504
      294140413
      598885872
      2790459344
      3702487035
      3761638650
      3373490016
      308649267
      1939624004
      2441320543
      1006625240
      3904418400
      1292524600
      2181030823
      273358148
      489156608
      1882304557
      1008078218
      414724513
      2594291125
      4099393636
      1337077717
      2343654103
      572304189
      933114950
      2437813716
      4267189157
      2237916854
      1439455549
      4127477990
      826374036
      752771488
      3780846685
      1442686804
      452100552
      1436105768
      3083185518
      2562734046
      2025768463
      228827594
      2544496375
      2879349743
      3117892040
      2292715258
      3810041889
      2136432564
      4188250036
      2684875391
      3243413662
      2772570943
      3523755104
      2957364831
      3347394562
      3124984247
      1219748284
      3673240805
      4039308563
      3313516454
      3878381936
      3585353143
      2955687005
      2886762709
      4049003566
      4036959005
      2048573747
      3729783576
      3299640582
      2858625113
      3358891848
      621739001
      2475731616
      2782004302
      4265369185
      2298588944
      1440265345
      3331831528
      2938891808
      2041783764
      3351243380
      544354399
      1334373608
      1848453467
      3160963825
      531205455
      1806501788
      2241988195
      2264755640
      1506464982
      2127431752
      1337415235
      3293338241
      2686273474
      3442675513
      719391836
      2162891975
      2492122933
      2245920816
      4099538488
      1747706054
      2919968259
      1410248678
      1228866981
      4150132279
      3364560648
      265102044
      3348790610
      104516220
      3304210292
      1204468092
      2661946331
      3030906408
      2619775262
      1122919577
      3691710598
      260868616
      2122890680
      1435097998
      3670812413
      3428536521
      3955817030
      2283580110
      3326775058
      930188108
      2188091796
      3238659783
      1710198766
      789819622
      4206485850
      442337722
      2981224704
      1269160041
      1679165864
      3615244622
      3356686595
      3854384547
      419688644
      1069736441
      2896193763
      3180382828
      930528270
      2027794479
      2348884176
      1421890949
      1682006464
      2741164754
      415868094
      1508486565
      1989822052
      3813462922
      1598211775
      3907393449
      1662472390
      3151912504
      717109144
      1307854767
      3648939614
      2083596394
      2364749297
      3245888666
      2515419673
      3676145764
      1870065761
      3006281375
      965382577
      2205824150
      627438374
      4267852993
      2900292430
      993896897
      1869824747
      867082521
      3419074725
      2657339463
      2037248259
      761800853
      2682437781
      1705495392
      1655777043
      1732971753
      618414168
      1270643593
      2150663546
      3503939883
      126631324
      2257636193
      3886889445
      3097357973
      2501833067
      1246064710
      2087472093
      3998657191
      1140791184
      674752018
      2863359992
      1612370049
      4155032416
      567939568
      3425862802
      1691805464
      2820968129
      304590548
      2651025034
      2470012047
      139403657
      1458146550
      1431686493
      54805047
      3571355551
      3555534201
      66327568
      2054716223
      1378799206
      2445119124
      523339808
      155440531
      3490967283
      2336994725
      3836087001
      1430713081
      3788281040
      2803934008
      1439723740
      3115175212
      1218548258
      3790103500
      2361534633
      2970259318
      1545317828
      55377082
      3786752100
      1120569510
      3986311655
      2225482745
      1526050317
      795219907
      1079229431
      475647767
      2632123421
      2476619846
      593795040
      1930873965
      3260576682
      2020217788
      2358570913
      2088093536
      2177995607
      1121623708
      4050491909
      2782198643
      4088245675
      3037490271
      1181714121
      2291742209
      2691623753
      3132815538
      3349827212
      1680115336
      2284283435
      3830857804
      1419421515
      4019231571
      3864729522
      4084536056
      490066219
      794331676
      2795207218
      2265638423
      1124140145
      1507242329
      1342443746
      4174980538
      1995105321
      3151850741
      3429707169
      2884416537
      3514991319
      2219643605
      2841542405
      3514031606
      305246173
      3485640806
      1521319439
      4182391485
      3605716014
      2075653114
      3506542145
      1121426245
      2953029392
      2404879703
      562053319
      2478116546
      2459144960
      2868056843
      3629470927
      1704960447
      431718202
      1889877287
      2465494852
      2570159589
      243496043
      1712796288
      2125788975
      4293862513
      184050758
      2274559723
      2819845179
      3055760588
      214439062
      4128138879
      3857370174
      2929343076
      216244626
      3930317295
      2116251506
      1254393014
      2140097675
      1397034443
      1730513932
      438187900
      1308705096
      124638250
      973418480
      977492751
      3652646219
      3815395017
      4238422292
      4202606198
      3230298765
      399454571
      3290284957
      1321188541
      650777492
      1799352013
      513303526
      1658814761
      107241012
      3211722737
      1902708557
      913018475
      278099111
      405497428
      4281226390
      2761825596
      2226764010
      2945588477
      3575834897
      3170801553
      4170479991
      3384737853
      4180559856
      2405986138
      2737964852
      588431307
      3247853461
      1174318509
      941593180
      3662412749
      2489161672
      4256038453
      3995742930
      462350074
      567471144
      2377160015
      4155252201
      1548749019
      1984309644
      3569736492
      2795807255
      608448726
      1793313788
      1676992864
      2447431125
      1829072484
      2348522603
      1943529472
      56496889
      1024704210
      2040966256
      2485224236
      1588486334
      3855311860
      1904124173
      41482071
      762848751
      440197096
      3979313190
      475290936
      2142486712
      3843885982
      2096602003
      2834269245
      100525439
      393577408
      3206462566
      816699675
      2441288783
      3573178634
      2012551991
      96314361
      1214313449
      4229915701
      3397218556
      2951679306
      342083352
      43083305
      3928506591
      2191217791
      3001695237
      2293919608
      999048920
      2687077615
      1128951865
      334774225
      2151352367
      1675972732
      284600333
      3315221470
      2604207343
      468185152
      3017018112
      2442816395
      3526868943
      339138879
      3634327199
      2673615185
      443781765
      1722088768
      593933677
      3768052426
      538194967
      2558123486
      1087587736
      382228522
      1432306784
      1960109332
      640262169
      1103662254
      4096928221
      4249113705
      2215119270
      3620770697
      84218184
      2318883647
      1649780201
      183213665
      2807981855
      2604152140
      2933245858
      1468818429
      3083423818
      3495638599
      803393204
      3691373285
      822713504
      1174170883
      2247824814
      1650236097
      2560216998
      1648996763
      173309354
      1916506107
      1499634060
      3069053836
      3371929330
      2136301570
      3508895261
      2937770437
      541672563
      1437503056
      1212055783
      2179855025
      3232206227
      1271720901
      3026250314
      3482646623
      959658564
      1128293069
      3235522678
      1290507556
      465938069
      624129990
      114374940
      132089355
      137938775
      3363124820
      11796821
      2165179788
      2053320970
      1504591452
      2443796919
      621833072
      2567525688
      736144363
      1662097601
      2918188491
      122280793
      4059376938
      855950395
      4018274390
      4006256793
      35244243
      577382481
      2846638856
      773639942
      3444696435
      1529378630
      3585937434
      2112077045
      2778997341
      884959381
      4136567268
      1338073407
      3305606547
      1705831406
      4010081898
      972919437
      307448002
      2719582380
      3271167177
      1325737942
      3124480248
      1861883592
      173772916
      4187624428
      1308477044
      1569123155
      560446341
      3991546533
      1623174059
      673363520
      1694116207
      1088436374
      3605013700
      2945319861
      2433050726
      649835944
      2480772477
      2514875473
      3854488054
      3696751841
      183406947
      3114424649
      870539218
      1572483606
      2984580176
      3984517272
      1573501542
      2183703523
      3173923590
      2918084310
      2955751399
      2612556957
      1787304960
      246847403
      3470875582
      1999395033
      1307748225
      819959754
      1324875517
      674265016
      2973283813
      2986960241
      2401538990
      2787725612
      1258334071
      1293564384
      4118364440
      3899335931
      2882949165
      2176830433
      737996262
      1063515158
      1957238023
      2652865464
      1375962301
      781188232
      3031133189
      3970064417
      980427209
      3369133997
      3291056135
      105435126
      3921589361
      1307325790
      2958682080
      1606316176
      4032234652
      2552687651
      1017107566
      2864689104
      1500889669
      1346898752
      4114168850
      825282083
      3985051966
      624
    Initial state of the Uniform random number generator for chain number 1:
      124
      1403423981
      2358502686
      2948161551
      2766461477
      4061786216
      483532093
      1496722968
      4290416869
      3127918791
      2186672835
      3060021040
      829524166
      2305223723
      186391867
      509156182
      2955071230
      392463741
      1753452387
      3880846269
      3760793610
      1525193890
      1712195429
      691629707
      2845704175
      1959185818
      2041844033
      3657829979
      3329802452
      3870827504
      294140413
      598885872
      2790459344
      3702487035
      3761638650
      3373490016
      308649267
      1939624004
      2441320543
      1006625240
      3904418400
      1292524600
      2181030823
      273358148
      489156608
      1882304557
      1008078218
      414724513
      2594291125
      4099393636
      1337077717
      2343654103
      572304189
      933114950
      2437813716
      4267189157
      2237916854
      1439455549
      4127477990
      826374036
      752771488
      3780846685
      1442686804
      452100552
      1436105768
      3083185518
      2562734046
      2025768463
      228827594
      2544496375
      2879349743
      3117892040
      2292715258
      3810041889
      2136432564
      4188250036
      2684875391
      3243413662
      2772570943
      3523755104
      2957364831
      3347394562
      3124984247
      1219748284
      3673240805
      4039308563
      3313516454
      3878381936
      3585353143
      2955687005
      2886762709
      4049003566
      4036959005
      2048573747
      3729783576
      3299640582
      2858625113
      3358891848
      621739001
      2475731616
      2782004302
      4265369185
      2298588944
      1440265345
      3331831528
      2938891808
      2041783764
      3351243380
      544354399
      1334373608
      1848453467
      3160963825
      531205455
      1806501788
      2241988195
      2264755640
      1506464982
      2127431752
      1337415235
      3293338241
      2686273474
      3442675513
      719391836
      2162891975
      2492122933
      2245920816
      4099538488
      1747706054
      2919968259
      1410248678
      1228866981
      4150132279
      3364560648
      265102044
      3348790610
      104516220
      3304210292
      1204468092
      2661946331
      3030906408
      2619775262
      1122919577
      3691710598
      260868616
      2122890680
      1435097998
      3670812413
      3428536521
      3955817030
      2283580110
      3326775058
      930188108
      2188091796
      3238659783
      1710198766
      789819622
      4206485850
      442337722
      2981224704
      1269160041
      1679165864
      3615244622
      3356686595
      3854384547
      419688644
      1069736441
      2896193763
      3180382828
      930528270
      2027794479
      2348884176
      1421890949
      1682006464
      2741164754
      415868094
      1508486565
      1989822052
      3813462922
      1598211775
      3907393449
      1662472390
      3151912504
      717109144
      1307854767
      3648939614
      2083596394
      2364749297
      3245888666
      2515419673
      3676145764
      1870065761
      3006281375
      965382577
      2205824150
      627438374
      4267852993
      2900292430
      993896897
      1869824747
      867082521
      3419074725
      2657339463
      2037248259
      761800853
      2682437781
      1705495392
      1655777043
      1732971753
      618414168
      1270643593
      2150663546
      3503939883
      126631324
      2257636193
      3886889445
      3097357973
      2501833067
      1246064710
      2087472093
      3998657191
      1140791184
      674752018
      2863359992
      1612370049
      4155032416
      567939568
      3425862802
      1691805464
      2820968129
      304590548
      2651025034
      2470012047
      139403657
      1458146550
      1431686493
      54805047
      3571355551
      3555534201
      66327568
      2054716223
      1378799206
      2445119124
      523339808
      155440531
      3490967283
      2336994725
      3836087001
      1430713081
      3788281040
      2803934008
      1439723740
      3115175212
      1218548258
      3790103500
      2361534633
      2970259318
      1545317828
      55377082
      3786752100
      1120569510
      3986311655
      2225482745
      1526050317
      795219907
      1079229431
      475647767
      2632123421
      2476619846
      593795040
      1930873965
      3260576682
      2020217788
      2358570913
      2088093536
      2177995607
      1121623708
      4050491909
      2782198643
      4088245675
      3037490271
      1181714121
      2291742209
      2691623753
      3132815538
      3349827212
      1680115336
      2284283435
      3830857804
      1419421515
      4019231571
      3864729522
      4084536056
      490066219
      794331676
      2795207218
      2265638423
      1124140145
      1507242329
      1342443746
      4174980538
      1995105321
      3151850741
      3429707169
      2884416537
      3514991319
      2219643605
      2841542405
      3514031606
      305246173
      3485640806
      1521319439
      4182391485
      3605716014
      2075653114
      3506542145
      1121426245
      2953029392
      2404879703
      562053319
      2478116546
      2459144960
      2868056843
      3629470927
      1704960447
      431718202
      1889877287
      2465494852
      2570159589
      243496043
      1712796288
      2125788975
      4293862513
      184050758
      2274559723
      2819845179
      3055760588
      214439062
      4128138879
      3857370174
      2929343076
      216244626
      3930317295
      2116251506
      1254393014
      2140097675
      1397034443
      1730513932
      438187900
      1308705096
      124638250
      973418480
      977492751
      3652646219
      3815395017
      4238422292
      4202606198
      3230298765
      399454571
      3290284957
      1321188541
      650777492
      1799352013
      513303526
      1658814761
      107241012
      3211722737
      1902708557
      913018475
      278099111
      405497428
      4281226390
      2761825596
      2226764010
      2945588477
      3575834897
      3170801553
      4170479991
      3384737853
      4180559856
      2405986138
      2737964852
      588431307
      3247853461
      1174318509
      941593180
      3662412749
      2489161672
      4256038453
      3995742930
      462350074
      567471144
      2377160015
      4155252201
      1548749019
      1984309644
      3569736492
      2795807255
      608448726
      1793313788
      1676992864
      2447431125
      1829072484
      2348522603
      1943529472
      56496889
      1024704210
      2040966256
      2485224236
      1588486334
      3855311860
      1904124173
      41482071
      762848751
      440197096
      3979313190
      475290936
      2142486712
      3843885982
      2096602003
      2834269245
      100525439
      393577408
      3206462566
      816699675
      2441288783
      3573178634
      2012551991
      96314361
      1214313449
      4229915701
      3397218556
      2951679306
      342083352
      43083305
      3928506591
      2191217791
      3001695237
      2293919608
      999048920
      2687077615
      1128951865
      334774225
      2151352367
      1675972732
      284600333
      3315221470
      2604207343
      468185152
      3017018112
      2442816395
      3526868943
      339138879
      3634327199
      2673615185
      443781765
      1722088768
      593933677
      3768052426
      538194967
      2558123486
      1087587736
      382228522
      1432306784
      1960109332
      640262169
      1103662254
      4096928221
      4249113705
      2215119270
      3620770697
      84218184
      2318883647
      1649780201
      183213665
      2807981855
      2604152140
      2933245858
      1468818429
      3083423818
      3495638599
      803393204
      3691373285
      822713504
      1174170883
      2247824814
      1650236097
      2560216998
      1648996763
      173309354
      1916506107
      1499634060
      3069053836
      3371929330
      2136301570
      3508895261
      2937770437
      541672563
      1437503056
      1212055783
      2179855025
      3232206227
      1271720901
      3026250314
      3482646623
      959658564
      1128293069
      3235522678
      1290507556
      465938069
      624129990
      114374940
      132089355
      137938775
      3363124820
      11796821
      2165179788
      2053320970
      1504591452
      2443796919
      621833072
      2567525688
      736144363
      1662097601
      2918188491
      122280793
      4059376938
      855950395
      4018274390
      4006256793
      35244243
      577382481
      2846638856
      773639942
      3444696435
      1529378630
      3585937434
      2112077045
      2778997341
      884959381
      4136567268
      1338073407
      3305606547
      1705831406
      4010081898
      972919437
      307448002
      2719582380
      3271167177
      1325737942
      3124480248
      1861883592
      173772916
      4187624428
      1308477044
      1569123155
      560446341
      3991546533
      1623174059
      673363520
      1694116207
      1088436374
      3605013700
      2945319861
      2433050726
      649835944
      2480772477
      2514875473
      3854488054
      3696751841
      183406947
      3114424649
      870539218
      1572483606
      2984580176
      3984517272
      1573501542
      2183703523
      3173923590
      2918084310
      2955751399
      2612556957
      1787304960
      246847403
      3470875582
      1999395033
      1307748225
      819959754
      1324875517
      674265016
      2973283813
      2986960241
      2401538990
      2787725612
      1258334071
      1293564384
      4118364440
      3899335931
      2882949165
      2176830433
      737996262
      1063515158
      1957238023
      2652865464
      1375962301
      781188232
      3031133189
      3970064417
      980427209
      3369133997
      3291056135
      105435126
      3921589361
      1307325790
      2958682080
      1606316176
      4032234652
      2552687651
      1017107566
      2864689104
      1500889669
      1346898752
      4114168850
      825282083
      3985051966
      624
    Initial state of the Gaussian random number generator for chain number 2:
      125
      3215857234
      634363282
      3980020893
      2337458266
      3746046653
      3443483388
      787842466
      3939461874
      1017588254
      844082144
      2945036139
      135292281
      3340028362
      4222561627
      1758002119
      1349667630
      3382497436
      1054631373
      67755764
      3907095128
      3229829372
      3369419697
      1329330001
      3711066792
      307982480
      21002474
      92991085
      174286365
      1369951886
      4272424329
      3255241105
      736356538
      495737731
      2314089937
      1653483362
      3437135155
      3445701653
      4246633172
      1017415162
      443655626
      18186971
      3900756881
      218798789
      694516965
      2871251846
      703600450
      2197389113
      2418197879
      999720026
      2779537844
      289862401
      3658508441
      2762583799
      3930465247
      3252740611
      78326328
      950509649
      2636421423
      3248784380
      2693040855
      3932799814
      2283599735
      1410219624
      3387150509
      2924507879
      2474434971
      3157189280
      3761642542
      732443398
      701781924
      3106494459
      2704471685
      2428142220
      1666547792
      2694707520
      2441455958
      44417649
      3180015587
      2142260500
      2975966873
      804040312
      4144434602
      3887518976
      1513465219
      2873810591
      4160149831
      2407865387
      3971288453
      777325623
      1419264269
      2989823511
      777384869
      2362404214
      2106934050
      113653806
      2978400390
      1461174389
      1166606886
      1145419974
      1087727079
      2567129635
      333375595
      2688546206
      4210057972
      2391685852
      2679113728
      1154104117
      3957600240
      39122508
      795334762
      3920567361
      2248374394
      2787033033
      3780267657
      1330042597
      1076808808
      1085920994
      2709930757
      1560817978
      1395720127
      828609647
      2848061253
      2110557822
      2473537431
      3563553606
      3841570743
      4022390403
      1796471040
      707380966
      1983287104
      754404904
      427638348
      3637788801
      3184592336
      2152902241
      1755760791
      1329555895
      3750828888
      4284513906
      2245221409
      833033564
      1725802970
      1045903094
      2374784414
      426918685
      1103757315
      3871413085
      2367419050
      595240157
      1604866247
      2383140021
      1686232011
      1616957771
      3342413004
      3224532294
      630010325
      2570233510
      1252361042
      2715368286
      2331813868
      185507719
      2161455077
      2920252870
      1393666808
      4081497570
      3076664171
      1591038484
      2913574897
      774514312
      855112786
      1344040709
      2344415552
      2943713719
      62458391
      2030586562
      2140986015
      3962752775
      3119567174
      2765878407
      2353374765
      4239571008
      2767425061
      3258643738
      1847334037
      2015580957
      1663944390
      65072190
      2212258610
      3981955757
      3458678116
      1999133026
      3497410511
      1432311869
      1853484142
      548056974
      4029432266
      153716242
      413108192
      1304919079
      3727577542
      3396055170
      3178802351
      163558924
      2070101896
      1407673050
      103691317
      4087215800
      1232694167
      815053055
      1688630381
      2297281391
      1527990229
      2799160185
      3278183261
      2585467629
      3735324707
      480433529
      1389034135
      1816732681
      962297860
      3367478897
      497397208
      1028534039
      78439411
      500693696
      916893346
      3785726157
      3132983338
      3015450797
      1333759217
      3125742487
      4218769329
      1120711715
      739722324
      655026703
      4177092567
      3178709905
      1883002093
      1941163531
      3111757026
      1213853009
      3903484290
      2290340312
      474314230
      1430401283
      1046833344
      3226539191
      3304947708
      1971058580
      1383754691
      3628422789
      1414715866
      4098041700
      3596987297
      140798441
      1034582765
      3901117826
      1665713639
      2397579969
      265304819
      3445116388
      3671612457
      1574229913
      4051789824
      2764875064
      2243902188
      528326385
      2872422177
      3571242204
      254039049
      2190277020
      1854278246
      323238580
      2822864406
      1356559095
      1137967650
      180261860
      1972461066
      1677393518
      2369309155
      2358775774
      394198758
      1003333593
      3387251385
      1478514303
      2558365396
      2329141645
      2822145419
      4256694574
      2524220643
      2173107944
      152292726
      2482910899
      2573684219
      4232775012
      1229865419
      3516600283
      1016060258
      700724949
      3616841781
      3235519611
      915502214
      375959565
      702507857
      818589990
      2563717936
      3872267757
      2530749978
      2526873773
      2254640449
      3830267814
      3272370769
      420074899
      4281462585
      1783590173
      1048447304
      3148427941
      1819106337
      1381136863
      2597577686
      626087909
      1147419547
      950464261
      1424554813
      1560427505
      3347388150
      3984469232
      4152018983
      25705341
      3741343387
      3823938371
      1120194956
      3802538734
      1152884175
      2558951829
      1737224419
      2890726523
      550198799
      2885362750
      2384292096
      2245689631
      2182641351
      3331934736
      1839424983
      3285234887
      2473604782
      1195089719
      624146346
      408383855
      1413294377
      4148143655
      1459736980
      3824381482
      2216519823
      879277572
      1624503544
      1619519650
      4052944053
      3850388277
      3456920502
      1048403154
      3755999812
      948561518
      3485124818
      2480936162
      1421090254
      4088171290
      3543286605
      4160441655
      1591888630
      3391538150
      2003032013
      2138329329
      4274282534
      3622878480
      917423351
      2971461100
      150279776
      3461035355
      950019380
      4286808833
      2634859336
      1502717873
      520378864
      1181281585
      2862892402
      1644713651
      2592962494
      1158142641
      2867951862
      3920317899
      1571666288
      2883494942
      1097710742
      1717123102
      3172252871
      4153862214
      3870921159
      43280355
      190478623
      1230791116
      2321828979
      160539432
      215861340
      238897633
      1541312603
      1149574937
      1070669328
      2835836393
      3475907153
      4124012021
      3328772522
      221987402
      4141925072
      112511454
      2456646710
      1976217125
      3810785750
      2394394540
      3759263562
      1710479986
      910277637
      3585137824
      3243198711
      2701024749
      170457077
      311358036
      3797979344
      4150202348
      3146854905
      4125428918
      1277026841
      1416695081
      213686906
      2791980501
      3890443911
      616982473
      1381008643
      201362817
      1383653021
      521490757
      13238003
      3855000218
      4069591321
      2295169791
      1159271567
      650582981
      3100468089
      1872893000
      567022479
      1759789102
      498039631
      1382149872
      504971227
      2250204718
      323280164
      2961147133
      393539941
      202722212
      1801297280
      801124018
      246263816
      3992108279
      3801031188
      2656551908
      3552600464
      774056914
      3507596718
      2913344534
      2619066810
      2582777711
      2931584217
      613754688
      1402584602
      3642848642
      882665153
      2952320258
      1781074654
      958112474
      3187928034
      65466689
      637532551
      3241653030
      2346417277
      2662405888
      3661375408
      3839850118
      1010430305
      1253058094
      2604087669
      2429246686
      1324441784
      51194858
      739807040
      1964623407
      3514552342
      1959221050
      116457273
      3157865584
      1723905262
      1902398272
      3818814363
      517151983
      3259978563
      1670978105
      2448904722
      4025348683
      4286652516
      1058662816
      2795490846
      3038596875
      421200269
      3797357474
      1531111815
      3137919457
      1078817683
      2456140959
      2556326135
      443068336
      2132968056
      1035943110
      3848466984
      919572482
      2080564438
      1870420448
      3914326227
      2978153503
      2125407873
      3291787921
      374904748
      4023575791
      1294638896
      1197017450
      840432717
      4220961144
      509749919
      3286428116
      3498791661
      2195396609
      3428783691
      2154321029
      3256261217
      1010261193
      3086888557
      3073030892
      2791776264
      4011524117
      290246866
      1020053247
      2554461121
      2283319574
      806195980
      1314943461
      3594253598
      2342468508
      2517374338
      1086717357
      43131658
      1705914145
      516995536
      2960761153
      1679719585
      3105410387
      367025193
      2213891938
      48411414
      2732683237
      1797572443
      1604833979
      3356602268
      1196385014
      2265529519
      3705177982
      1918524303
      3783728965
      2901790430
      1085430541
      2255182334
      1097227951
      2496690922
      2220795853
      3419340273
      942585025
      2255461229
      3628055572
      1164871261
      117850263
      2519289055
      2927139454
      3919925562
      3946811084
      254353659
      3367852120
      1434030393
      1614103915
      353378086
      3524371027
      2164382694
      396674891
      2578892271
      3666013658
      1407187447
      2447132265
      2122583443
      2354740983
      2723689991
      3621322584
      2831250503
      1701760666
      1535473801
      887183371
      2169676219
      3056914786
      1619197254
      237629034
      1141361722
      2096900272
      169462079
      3717734214
      3433252261
      205148907
      1909423141
      2236039331
      624
    Initial state of the Uniform random number generator for chain number 2:
      125
      3215857234
      634363282
      3980020893
      2337458266
      3746046653
      3443483388
      787842466
      3939461874
      1017588254
      844082144
      2945036139
      135292281
      3340028362
      4222561627
      1758002119
      1349667630
      3382497436
      1054631373
      67755764
      3907095128
      3229829372
      3369419697
      1329330001
      3711066792
      307982480
      21002474
      92991085
      174286365
      1369951886
      4272424329
      3255241105
      736356538
      495737731
      2314089937
      1653483362
      3437135155
      3445701653
      4246633172
      1017415162
      443655626
      18186971
      3900756881
      218798789
      694516965
      2871251846
      703600450
      2197389113
      2418197879
      999720026
      2779537844
      289862401
      3658508441
      2762583799
      3930465247
      3252740611
      78326328
      950509649
      2636421423
      3248784380
      2693040855
      3932799814
      2283599735
      1410219624
      3387150509
      2924507879
      2474434971
      3157189280
      3761642542
      732443398
      701781924
      3106494459
      2704471685
      2428142220
      1666547792
      2694707520
      2441455958
      44417649
      3180015587
      2142260500
      2975966873
      804040312
      4144434602
      3887518976
      1513465219
      2873810591
      4160149831
      2407865387
      3971288453
      777325623
      1419264269
      2989823511
      777384869
      2362404214
      2106934050
      113653806
      2978400390
      1461174389
      1166606886
      1145419974
      1087727079
      2567129635
      333375595
      2688546206
      4210057972
      2391685852
      2679113728
      1154104117
      3957600240
      39122508
      795334762
      3920567361
      2248374394
      2787033033
      3780267657
      1330042597
      1076808808
      1085920994
      2709930757
      1560817978
      1395720127
      828609647
      2848061253
      2110557822
      2473537431
      3563553606
      3841570743
      4022390403
      1796471040
      707380966
      1983287104
      754404904
      427638348
      3637788801
      3184592336
      2152902241
      1755760791
      1329555895
      3750828888
      4284513906
      2245221409
      833033564
      1725802970
      1045903094
      2374784414
      426918685
      1103757315
      3871413085
      2367419050
      595240157
      1604866247
      2383140021
      1686232011
      1616957771
      3342413004
      3224532294
      630010325
      2570233510
      1252361042
      2715368286
      2331813868
      185507719
      2161455077
      2920252870
      1393666808
      4081497570
      3076664171
      1591038484
      2913574897
      774514312
      855112786
      1344040709
      2344415552
      2943713719
      62458391
      2030586562
      2140986015
      3962752775
      3119567174
      2765878407
      2353374765
      4239571008
      2767425061
      3258643738
      1847334037
      2015580957
      1663944390
      65072190
      2212258610
      3981955757
      3458678116
      1999133026
      3497410511
      1432311869
      1853484142
      548056974
      4029432266
      153716242
      413108192
      1304919079
      3727577542
      3396055170
      3178802351
      163558924
      2070101896
      1407673050
      103691317
      4087215800
      1232694167
      815053055
      1688630381
      2297281391
      1527990229
      2799160185
      3278183261
      2585467629
      3735324707
      480433529
      1389034135
      1816732681
      962297860
      3367478897
      497397208
      1028534039
      78439411
      500693696
      916893346
      3785726157
      3132983338
      3015450797
      1333759217
      3125742487
      4218769329
      1120711715
      739722324
      655026703
      4177092567
      3178709905
      1883002093
      1941163531
      3111757026
      1213853009
      3903484290
      2290340312
      474314230
      1430401283
      1046833344
      3226539191
      3304947708
      1971058580
      1383754691
      3628422789
      1414715866
      4098041700
      3596987297
      140798441
      1034582765
      3901117826
      1665713639
      2397579969
      265304819
      3445116388
      3671612457
      1574229913
      4051789824
      2764875064
      2243902188
      528326385
      2872422177
      3571242204
      254039049
      2190277020
      1854278246
      323238580
      2822864406
      1356559095
      1137967650
      180261860
      1972461066
      1677393518
      2369309155
      2358775774
      394198758
      1003333593
      3387251385
      1478514303
      2558365396
      2329141645
      2822145419
      4256694574
      2524220643
      2173107944
      152292726
      2482910899
      2573684219
      4232775012
      1229865419
      3516600283
      1016060258
      700724949
      3616841781
      3235519611
      915502214
      375959565
      702507857
      818589990
      2563717936
      3872267757
      2530749978
      2526873773
      2254640449
      3830267814
      3272370769
      420074899
      4281462585
      1783590173
      1048447304
      3148427941
      1819106337
      1381136863
      2597577686
      626087909
      1147419547
      950464261
      1424554813
      1560427505
      3347388150
      3984469232
      4152018983
      25705341
      3741343387
      3823938371
      1120194956
      3802538734
      1152884175
      2558951829
      1737224419
      2890726523
      550198799
      2885362750
      2384292096
      2245689631
      2182641351
      3331934736
      1839424983
      3285234887
      2473604782
      1195089719
      624146346
      408383855
      1413294377
      4148143655
      1459736980
      3824381482
      2216519823
      879277572
      1624503544
      1619519650
      4052944053
      3850388277
      3456920502
      1048403154
      3755999812
      948561518
      3485124818
      2480936162
      1421090254
      4088171290
      3543286605
      4160441655
      1591888630
      3391538150
      2003032013
      2138329329
      4274282534
      3622878480
      917423351
      2971461100
      150279776
      3461035355
      950019380
      4286808833
      2634859336
      1502717873
      520378864
      1181281585
      2862892402
      1644713651
      2592962494
      1158142641
      2867951862
      3920317899
      1571666288
      2883494942
      1097710742
      1717123102
      3172252871
      4153862214
      3870921159
      43280355
      190478623
      1230791116
      2321828979
      160539432
      215861340
      238897633
      1541312603
      1149574937
      1070669328
      2835836393
      3475907153
      4124012021
      3328772522
      221987402
      4141925072
      112511454
      2456646710
      1976217125
      3810785750
      2394394540
      3759263562
      1710479986
      910277637
      3585137824
      3243198711
      2701024749
      170457077
      311358036
      3797979344
      4150202348
      3146854905
      4125428918
      1277026841
      1416695081
      213686906
      2791980501
      3890443911
      616982473
      1381008643
      201362817
      1383653021
      521490757
      13238003
      3855000218
      4069591321
      2295169791
      1159271567
      650582981
      3100468089
      1872893000
      567022479
      1759789102
      498039631
      1382149872
      504971227
      2250204718
      323280164
      2961147133
      393539941
      202722212
      1801297280
      801124018
      246263816
      3992108279
      3801031188
      2656551908
      3552600464
      774056914
      3507596718
      2913344534
      2619066810
      2582777711
      2931584217
      613754688
      1402584602
      3642848642
      882665153
      2952320258
      1781074654
      958112474
      3187928034
      65466689
      637532551
      3241653030
      2346417277
      2662405888
      3661375408
      3839850118
      1010430305
      1253058094
      2604087669
      2429246686
      1324441784
      51194858
      739807040
      1964623407
      3514552342
      1959221050
      116457273
      3157865584
      1723905262
      1902398272
      3818814363
      517151983
      3259978563
      1670978105
      2448904722
      4025348683
      4286652516
      1058662816
      2795490846
      3038596875
      421200269
      3797357474
      1531111815
      3137919457
      1078817683
      2456140959
      2556326135
      443068336
      2132968056
      1035943110
      3848466984
      919572482
      2080564438
      1870420448
      3914326227
      2978153503
      2125407873
      3291787921
      374904748
      4023575791
      1294638896
      1197017450
      840432717
      4220961144
      509749919
      3286428116
      3498791661
      2195396609
      3428783691
      2154321029
      3256261217
      1010261193
      3086888557
      3073030892
      2791776264
      4011524117
      290246866
      1020053247
      2554461121
      2283319574
      806195980
      1314943461
      3594253598
      2342468508
      2517374338
      1086717357
      43131658
      1705914145
      516995536
      2960761153
      1679719585
      3105410387
      367025193
      2213891938
      48411414
      2732683237
      1797572443
      1604833979
      3356602268
      1196385014
      2265529519
      3705177982
      1918524303
      3783728965
      2901790430
      1085430541
      2255182334
      1097227951
      2496690922
      2220795853
      3419340273
      942585025
      2255461229
      3628055572
      1164871261
      117850263
      2519289055
      2927139454
      3919925562
      3946811084
      254353659
      3367852120
      1434030393
      1614103915
      353378086
      3524371027
      2164382694
      396674891
      2578892271
      3666013658
      1407187447
      2447132265
      2122583443
      2354740983
      2723689991
      3621322584
      2831250503
      1701760666
      1535473801
      887183371
      2169676219
      3056914786
      1619197254
      237629034
      1141361722
      2096900272
      169462079
      3717734214
      3433252261
      205148907
      1909423141
      2236039331
      624
    Initial state of the Gaussian random number generator for chain number 3:
      126
      733323191
      52556341
      1651895276
      1665329541
      184141081
      4004783075
      258279271
      3416459947
      3265207377
      1294732900
      114866916
      4223778816
      2269600828
      1026986628
      210530851
      4285711071
      1452448989
      3083706078
      3056036063
      246785093
      2624961614
      4065064466
      622734796
      469646740
      961445757
      3600626027
      88942115
      802014955
      2416983508
      2153376652
      459992357
      572218553
      2927203870
      3524343086
      2256146404
      3623115746
      1740286186
      2474076125
      4291514914
      3843166253
      3825926223
      3985885734
      4118777284
      4070796975
      3345528329
      3892390944
      571090174
      113149542
      1407294575
      2210108824
      1799843829
      2378481528
      3983398231
      3100319322
      2412253423
      1031307961
      1569690678
      24635629
      443595452
      764168296
      3857725765
      1599540956
      3629654640
      4200211103
      3294176205
      234249864
      1350702059
      2740983190
      3883972521
      4122505304
      476186414
      1120301934
      2283467284
      80300280
      977175075
      3242398491
      3394658501
      994583660
      2380802795
      3018759997
      2669054764
      178423672
      2162600619
      1123337729
      3532136021
      71958084
      3995055403
      3196903712
      301860035
      1863924809
      1546604739
      3190861542
      252249169
      202706259
      1773448478
      885449883
      3876332680
      1260768825
      617501819
      603596779
      1283162908
      397426647
      496254778
      870906954
      1207247771
      2231006764
      592526993
      1266698401
      3973728141
      525023604
      479772467
      3304766095
      244614573
      3755823795
      1180815331
      604305054
      1145166539
      1603759144
      12492196
      3440178732
      1696942084
      4016248691
      1572024235
      3789146254
      2669319454
      3809267850
      4016478092
      3548271339
      797761033
      61172495
      938951790
      2939084266
      597079309
      548692903
      2651893866
      4258611600
      339708552
      669806642
      1907426885
      1930288480
      3382198482
      4118309891
      1045339279
      1119177723
      3808805939
      1150556034
      932667970
      2048726686
      1894646864
      946736523
      729267054
      3247231230
      726718826
      86344044
      872602679
      1182486863
      3997946467
      3625934974
      1852765936
      1619355317
      931387813
      100740027
      351949930
      1154877558
      574228120
      3700683422
      293584280
      2466522528
      2553580435
      677554655
      1961778342
      2922442127
      3813224014
      2512484879
      1912675536
      2291349541
      2821916436
      612799072
      3993837715
      2508908932
      1097914515
      3110704208
      1296394001
      838416904
      228208097
      227050367
      2444482774
      415891552
      1686472349
      2616957002
      3099172135
      509005145
      2509415902
      3600952462
      732825956
      3496753464
      2582652940
      1100041292
      843272232
      3951822992
      517672392
      658798770
      2272846085
      1045333903
      2758804280
      1619087536
      671780772
      2424664196
      159849391
      2783417309
      2174267086
      2925273936
      2826883631
      331219351
      938569834
      307238058
      1565336043
      3153763372
      4105583873
      2509907110
      3018340753
      3631440605
      2172702837
      4003655379
      2680522993
      31331265
      2339837192
      2340661206
      2257431433
      998183357
      2982880632
      1518998538
      3447770176
      3673518681
      3581823085
      848786002
      3123445063
      113760807
      195621202
      873076810
      3506516003
      3910737298
      1655850024
      2146293281
      458005397
      3784253375
      3281461795
      2059638680
      3430592854
      178353283
      211948458
      4196252942
      1061325854
      252663508
      4132484771
      3723734560
      2152296400
      2425258204
      2034345625
      2805338876
      2507238715
      2982320515
      3832781292
      142975827
      1550179272
      3310176343
      2642312751
      1135140301
      820358793
      3334745627
      3401123975
      3962241316
      2896581748
      940341664
      2640485683
      3596500585
      1870355175
      2207904724
      1108654725
      4086971180
      399409572
      2740316878
      3877687191
      3692305024
      2478019020
      1132578148
      379121400
      3942711544
      734574376
      2454498282
      1402403755
      1625638198
      83869400
      770696286
      1735223357
      2224438484
      2813233047
      528301043
      2569188106
      1102572372
      2782090934
      3568536114
      1931526020
      1259126185
      2099100793
      232756362
      1736013221
      979119848
      2211490493
      3958150545
      1600136657
      3722132552
      617606608
      217916490
      3461409901
      2473993890
      4138262109
      1815218772
      2610467272
      1035771890
      3298926011
      20099802
      1991064389
      3588998936
      1766851052
      1729337543
      3706142053
      2631979142
      2548361565
      3821857477
      2095486825
      2983748948
      99942971
      1803056533
      2222889139
      3732928549
      357776975
      4267236733
      503960073
      2777001953
      1813242084
      158681263
      1341412706
      1724689511
      3586956183
      2315753150
      4090303879
      923345520
      3407382413
      3726277220
      2563009282
      1338062944
      1426991270
      3001576005
      3531796070
      1073683517
      1198377590
      2901119321
      2805402958
      3689540708
      3718145292
      1258022741
      662321551
      3807329751
      2974145041
      1288189421
      2035061643
      384897250
      3713178779
      4019003754
      1064198368
      1048844756
      2159846937
      2920217885
      2973267378
      2584846312
      1324241611
      702203180
      2332579799
      2485036421
      1365085888
      2123734179
      2722594665
      3914500535
      3979192709
      761698656
      2200888419
      73336009
      2156623314
      1371655318
      1142130714
      1816667951
      3484488879
      3584111974
      2683314020
      2119432906
      1206228644
      4122328487
      2460784451
      3385882421
      965013471
      2028600205
      3703712719
      1151300880
      3355855434
      473653603
      1480616102
      2583407227
      601097302
      4283547016
      1283206258
      1542198779
      2914875199
      4013601199
      921773691
      2887320359
      4203744314
      1391351071
      1063691385
      2094179937
      113575301
      1582455839
      1989961597
      2742694292
      2262357975
      31532467
      3336940618
      3821996921
      1982452431
      2884791028
      1184619197
      2393893340
      2090931271
      1968207696
      3352325544
      2207828267
      2064469986
      2671116613
      3018752442
      3431769936
      2421059704
      1954130908
      333036
      3701968600
      93032740
      146311410
      146115385
      1907388477
      2823841133
      134835597
      2989731684
      3406547714
      1683071530
      3609919421
      218469821
      4102109785
      799813963
      4066219873
      815672693
      1861127669
      1069651729
      246396035
      109139070
      1051706758
      3132597679
      1977152531
      3719556845
      3009192890
      1899106669
      2114432370
      385809206
      763560998
      921893591
      1174079405
      3101234359
      112003653
      2695298070
      324282818
      2799390057
      1927335959
      2594693263
      2067926659
      945900845
      1760266661
      1695683481
      902173918
      1919093629
      3265062356
      3150429884
      1511256288
      3085792176
      3849775398
      649185926
      2066783948
      1925537232
      2747915877
      796581780
      170683222
      5333217
      1058710457
      2905578226
      1245876902
      1666202842
      758527839
      1906225524
      4140212771
      2550208667
      3334969177
      1479795327
      3927952308
      680611890
      245196730
      1320319075
      830730924
      1486932959
      1067204250
      1683693255
      3134528548
      2402185989
      1913856715
      1789973947
      171630188
      792039079
      2752096495
      2108783758
      1318563193
      2348067431
      1803176169
      3063606681
      3615798073
      1775944181
      314973016
      1278403533
      2526023058
      2634509287
      2079203441
      2002697801
      1613601922
      3864386762
      2827398761
      2036798804
      2171136423
      854621496
      3630981432
      4016566632
      3525411929
      1837327269
      1856312792
      616677826
      1433421232
      1584282108
      2423277561
      4004428592
      1333995593
      155545235
      3667283243
      2830031605
      1357616289
      2413512015
      2058587793
      638734593
      1973059735
      3772711777
      2155465182
      840393217
      1622357403
      2107216377
      1518096656
      2649036526
      354048342
      646858537
      2555774569
      1951190388
      4134776423
      414405555
      2221920991
      402749554
      2770831676
      968709561
      2124535105
      1706583173
      1059475034
      2256606665
      1646542431
      2050943839
      4267322464
      2517205082
      3923164420
      1276269840
      1379445507
      1223527449
      3663273928
      1505374312
      2839301311
      3741740516
      3819634039
      843388185
      3980047923
      1056543559
      1664687195
      1948933083
      4208191836
      3541560278
      1685588581
      1504157649
      844652398
      737248965
      1657576217
      3613461209
      739112036
      3087462871
      3405473901
      3809809355
      3378436174
      2588380616
      1101139226
      1571791120
      2264114975
      1884976604
      835635101
      11716702
      374693252
      3176500099
      624
    Initial state of the Uniform random number generator for chain number 3:
      126
      733323191
      52556341
      1651895276
      1665329541
      184141081
      4004783075
      258279271
      3416459947
      3265207377
      1294732900
      114866916
      4223778816
      2269600828
      1026986628
      210530851
      4285711071
      1452448989
      3083706078
      3056036063
      246785093
      2624961614
      4065064466
      622734796
      469646740
      961445757
      3600626027
      88942115
      802014955
      2416983508
      2153376652
      459992357
      572218553
      2927203870
      3524343086
      2256146404
      3623115746
      1740286186
      2474076125
      4291514914
      3843166253
      3825926223
      3985885734
      4118777284
      4070796975
      3345528329
      3892390944
      571090174
      113149542
      1407294575
      2210108824
      1799843829
      2378481528
      3983398231
      3100319322
      2412253423
      1031307961
      1569690678
      24635629
      443595452
      764168296
      3857725765
      1599540956
      3629654640
      4200211103
      3294176205
      234249864
      1350702059
      2740983190
      3883972521
      4122505304
      476186414
      1120301934
      2283467284
      80300280
      977175075
      3242398491
      3394658501
      994583660
      2380802795
      3018759997
      2669054764
      178423672
      2162600619
      1123337729
      3532136021
      71958084
      3995055403
      3196903712
      301860035
      1863924809
      1546604739
      3190861542
      252249169
      202706259
      1773448478
      885449883
      3876332680
      1260768825
      617501819
      603596779
      1283162908
      397426647
      496254778
      870906954
      1207247771
      2231006764
      592526993
      1266698401
      3973728141
      525023604
      479772467
      3304766095
      244614573
      3755823795
      1180815331
      604305054
      1145166539
      1603759144
      12492196
      3440178732
      1696942084
      4016248691
      1572024235
      3789146254
      2669319454
      3809267850
      4016478092
      3548271339
      797761033
      61172495
      938951790
      2939084266
      597079309
      548692903
      2651893866
      4258611600
      339708552
      669806642
      1907426885
      1930288480
      3382198482
      4118309891
      1045339279
      1119177723
      3808805939
      1150556034
      932667970
      2048726686
      1894646864
      946736523
      729267054
      3247231230
      726718826
      86344044
      872602679
      1182486863
      3997946467
      3625934974
      1852765936
      1619355317
      931387813
      100740027
      351949930
      1154877558
      574228120
      3700683422
      293584280
      2466522528
      2553580435
      677554655
      1961778342
      2922442127
      3813224014
      2512484879
      1912675536
      2291349541
      2821916436
      612799072
      3993837715
      2508908932
      1097914515
      3110704208
      1296394001
      838416904
      228208097
      227050367
      2444482774
      415891552
      1686472349
      2616957002
      3099172135
      509005145
      2509415902
      3600952462
      732825956
      3496753464
      2582652940
      1100041292
      843272232
      3951822992
      517672392
      658798770
      2272846085
      1045333903
      2758804280
      1619087536
      671780772
      2424664196
      159849391
      2783417309
      2174267086
      2925273936
      2826883631
      331219351
      938569834
      307238058
      1565336043
      3153763372
      4105583873
      2509907110
      3018340753
      3631440605
      2172702837
      4003655379
      2680522993
      31331265
      2339837192
      2340661206
      2257431433
      998183357
      2982880632
      1518998538
      3447770176
      3673518681
      3581823085
      848786002
      3123445063
      113760807
      195621202
      873076810
      3506516003
      3910737298
      1655850024
      2146293281
      458005397
      3784253375
      3281461795
      2059638680
      3430592854
      178353283
      211948458
      4196252942
      1061325854
      252663508
      4132484771
      3723734560
      2152296400
      2425258204
      2034345625
      2805338876
      2507238715
      2982320515
      3832781292
      142975827
      1550179272
      3310176343
      2642312751
      1135140301
      820358793
      3334745627
      3401123975
      3962241316
      2896581748
      940341664
      2640485683
      3596500585
      1870355175
      2207904724
      1108654725
      4086971180
      399409572
      2740316878
      3877687191
      3692305024
      2478019020
      1132578148
      379121400
      3942711544
      734574376
      2454498282
      1402403755
      1625638198
      83869400
      770696286
      1735223357
      2224438484
      2813233047
      528301043
      2569188106
      1102572372
      2782090934
      3568536114
      1931526020
      1259126185
      2099100793
      232756362
      1736013221
      979119848
      2211490493
      3958150545
      1600136657
      3722132552
      617606608
      217916490
      3461409901
      2473993890
      4138262109
      1815218772
      2610467272
      1035771890
      3298926011
      20099802
      1991064389
      3588998936
      1766851052
      1729337543
      3706142053
      2631979142
      2548361565
      3821857477
      2095486825
      2983748948
      99942971
      1803056533
      2222889139
      3732928549
      357776975
      4267236733
      503960073
      2777001953
      1813242084
      158681263
      1341412706
      1724689511
      3586956183
      2315753150
      4090303879
      923345520
      3407382413
      3726277220
      2563009282
      1338062944
      1426991270
      3001576005
      3531796070
      1073683517
      1198377590
      2901119321
      2805402958
      3689540708
      3718145292
      1258022741
      662321551
      3807329751
      2974145041
      1288189421
      2035061643
      384897250
      3713178779
      4019003754
      1064198368
      1048844756
      2159846937
      2920217885
      2973267378
      2584846312
      1324241611
      702203180
      2332579799
      2485036421
      1365085888
      2123734179
      2722594665
      3914500535
      3979192709
      761698656
      2200888419
      73336009
      2156623314
      1371655318
      1142130714
      1816667951
      3484488879
      3584111974
      2683314020
      2119432906
      1206228644
      4122328487
      2460784451
      3385882421
      965013471
      2028600205
      3703712719
      1151300880
      3355855434
      473653603
      1480616102
      2583407227
      601097302
      4283547016
      1283206258
      1542198779
      2914875199
      4013601199
      921773691
      2887320359
      4203744314
      1391351071
      1063691385
      2094179937
      113575301
      1582455839
      1989961597
      2742694292
      2262357975
      31532467
      3336940618
      3821996921
      1982452431
      2884791028
      1184619197
      2393893340
      2090931271
      1968207696
      3352325544
      2207828267
      2064469986
      2671116613
      3018752442
      3431769936
      2421059704
      1954130908
      333036
      3701968600
      93032740
      146311410
      146115385
      1907388477
      2823841133
      134835597
      2989731684
      3406547714
      1683071530
      3609919421
      218469821
      4102109785
      799813963
      4066219873
      815672693
      1861127669
      1069651729
      246396035
      109139070
      1051706758
      3132597679
      1977152531
      3719556845
      3009192890
      1899106669
      2114432370
      385809206
      763560998
      921893591
      1174079405
      3101234359
      112003653
      2695298070
      324282818
      2799390057
      1927335959
      2594693263
      2067926659
      945900845
      1760266661
      1695683481
      902173918
      1919093629
      3265062356
      3150429884
      1511256288
      3085792176
      3849775398
      649185926
      2066783948
      1925537232
      2747915877
      796581780
      170683222
      5333217
      1058710457
      2905578226
      1245876902
      1666202842
      758527839
      1906225524
      4140212771
      2550208667
      3334969177
      1479795327
      3927952308
      680611890
      245196730
      1320319075
      830730924
      1486932959
      1067204250
      1683693255
      3134528548
      2402185989
      1913856715
      1789973947
      171630188
      792039079
      2752096495
      2108783758
      1318563193
      2348067431
      1803176169
      3063606681
      3615798073
      1775944181
      314973016
      1278403533
      2526023058
      2634509287
      2079203441
      2002697801
      1613601922
      3864386762
      2827398761
      2036798804
      2171136423
      854621496
      3630981432
      4016566632
      3525411929
      1837327269
      1856312792
      616677826
      1433421232
      1584282108
      2423277561
      4004428592
      1333995593
      155545235
      3667283243
      2830031605
      1357616289
      2413512015
      2058587793
      638734593
      1973059735
      3772711777
      2155465182
      840393217
      1622357403
      2107216377
      1518096656
      2649036526
      354048342
      646858537
      2555774569
      1951190388
      4134776423
      414405555
      2221920991
      402749554
      2770831676
      968709561
      2124535105
      1706583173
      1059475034
      2256606665
      1646542431
      2050943839
      4267322464
      2517205082
      3923164420
      1276269840
      1379445507
      1223527449
      3663273928
      1505374312
      2839301311
      3741740516
      3819634039
      843388185
      3980047923
      1056543559
      1664687195
      1948933083
      4208191836
      3541560278
      1685588581
      1504157649
      844652398
      737248965
      1657576217
      3613461209
      739112036
      3087462871
      3405473901
      3809809355
      3378436174
      2588380616
      1101139226
      1571791120
      2264114975
      1884976604
      835635101
      11716702
      374693252
      3176500099
      624
 

% Mh1Blck1 (05-Aug-2015 09:59:20)
 
  Number of simulations.: 5000
  Acceptance ratio......: 0.2562
  Posterior mean........:
    params:1: 0.4421
    params:2: 0.34619
    params:3: 2.2004
    log2po:-445.4353
  Minimum value.........:
    params:1: 0.37538
    params:2: 0.21591
    params:3: 1.1339
    log2po:-453.3414
  Maximum value.........:
    params:1: 0.50325
    params:2: 0.49383
    params:3: 4.982
    log2po:-443.8546
 

% Mh1Blck2 (05-Aug-2015 10:00:08)
 
  Number of simulations.: 5000
  Acceptance ratio......: 0.2234
  Posterior mean........:
    params:1: 0.44031
    params:2: 0.34863
    params:3: 2.1211
    log2po:-445.2406
  Minimum value.........:
    params:1: 0.38597
    params:2: 0.21602
    params:3: 1.1424
    log2po:-451.0667
  Maximum value.........:
    params:1: 0.50097
    params:2: 0.4868
    params:3: 4.1873
    log2po:-443.848
 

% Mh1Blck3 (05-Aug-2015 10:00:55)
 
  Number of simulations.: 5000
  Acceptance ratio......: 0.2318
  Posterior mean........:
    params:1: 0.44005
    params:2: 0.3494
    params:3: 2.1294
    log2po:-445.2585
  Minimum value.........:
    params:1: 0.38563
    params:2: 0.20975
    params:3: 1.1685
    log2po:-450.227
  Maximum value.........:
    params:1: 0.50114
    params:2: 0.51954
    params:3: 3.8538
    log2po:-443.843
 

% Session 2.
 
  Number of blocks...............: 3
  Number of simulations per block: 1000
 

% Mh1Blck1 (05-Aug-2015 10:01:19)
 
  Number of simulations.: 6000
  Acceptance ratio......: 0.037667
  Posterior mean........:
    params:1: 0.44093
    params:2: 0.34893
    params:3: 2.1983
    log2po:-445.4237
  Minimum value.........:
    params:1: 0.37538
    params:2: 0.21591
    params:3: 1.1339
    log2po:-453.3414
  Maximum value.........:
    params:1: 0.50325
    params:2: 0.49383
    params:3: 4.982
    log2po:-443.8488
 

% Mh1Blck2 (05-Aug-2015 10:01:29)
 
  Number of simulations.: 6000
  Acceptance ratio......: 0.036833
  Posterior mean........:
    params:1: 0.44047
    params:2: 0.34829
    params:3: 2.1258
    log2po:-445.2249
  Minimum value.........:
    params:1: 0.3809
    params:2: 0.21602
    params:3: 1.1424
    log2po:-451.0667
  Maximum value.........:
    params:1: 0.50097
    params:2: 0.51496
    params:3: 4.1873
    log2po:-443.848
 

% Mh1Blck3 (05-Aug-2015 10:01:39)
 
  Number of simulations.: 6000
  Acceptance ratio......: 0.041333
  Posterior mean........:
    params:1: 0.44021
    params:2: 0.34931
    params:3: 2.1439
    log2po:-445.2538
  Minimum value.........:
    params:1: 0.38127
    params:2: 0.20975
    params:3: 1.1685
    log2po:-451.4628
  Maximum value.........:
    params:1: 0.50114
    params:2: 0.51954
    params:3: 3.8538
    log2po:-443.843
 
