Starting Dynare (version 4.4.2).
Starting preprocessing of the model file ...
Found 9 equation(s).
Evaluating expressions...done
Computing static model derivatives:
 - order 1
Computing dynamic model derivatives:
 - order 1
 - order 2
Processing outputs ...done
Preprocessing completed.
Starting MATLAB/Octave computing.
ized QZ.
[mex] Sylvester equation solution.
[mex] Kronecker products.
[mex] Sparse kronecker products.
[mex] Local state space iteration (second order).
[mex] Bytecode evaluation.
[mex] k-order perturbation solver.
[mex] k-order solution simulation.
[mex] Quasi Monte-Carlo sequence (Sobol).
[mex] Markov Switching SBVAR.

Starting Dynare (version 4.4.2).
Starting preprocessing of the model file ...
Found 9 equation(s).
Evaluating expressions...done
Computing static model derivatives:
 - order 1
Computing dynamic model derivatives:
 - order 1
 - order 2
Processing outputs ...done
Preprocessing completed.
Starting MATLAB/Octave computing.


You did not declare endogenous variables after the estimation/calib_smoother command.

Loading 1000 observations from simdat.mat

Initial value of the log posterior (or likelihood): -2572.8305
  n=12: (5,11)-CMA-ES(w=[46 27 16 9 3]%, mu_eff=3.2) on function dsge_likelihood
Iterat, #Fevals:   Function Value    (median,worst) |Axis Ratio|idx:Min SD idx:Max SD
    1 ,     12 : 2.5694501335317e+03 +(3e+00,4e+00) | 1.08e+00 |  6:9.5e-05  2:1.0e-04
    2 ,     23 : 2.5663234394056e+03 +(3e+00,4e+00) | 1.15e+00 |  7:1.0e-04  2:1.2e-04
   10 ,    111 : 2.5418809304946e+03 +(8e+00,1e+01) | 1.49e+00 |  7:3.8e-04  2:4.8e-04
   20 ,    221 : 2.4014184535302e+03 +(1e+01,4e+01) | 1.61e+00 |  7:2.2e-03  2:2.9e-03
   30 ,    331 : 2.2661323282601e+03 +(3e+01,1e+08) | 1.74e+00 |  6:6.7e-03  2:8.6e-03
   40 ,    441 : 2.2539833271885e+03 +(2e+01,1e+08) | 1.78e+00 | 10:6.3e-03  2:7.6e-03
   50 ,    551 : 2.2572973401766e+03 +(6e+00,5e+01) | 2.07e+00 | 10:6.2e-03  4:9.3e-03
   60 ,    661 : 2.2508623659624e+03 +(3e+00,2e+01) | 2.18e+00 | 10:3.7e-03  4:5.8e-03
   70 ,    771 : 2.2464347596460e+03 +(4e+00,1e+08) | 2.31e+00 | 10:3.6e-03  4:6.0e-03
   80 ,    881 : 2.2456874528739e+03 +(1e+00,6e+00) | 2.46e+00 | 10:2.2e-03  4:3.9e-03
   90 ,    991 : 2.2449676665753e+03 +(4e-01,1e+00) | 2.71e+00 | 10:1.3e-03  4:2.3e-03
Iterat, #Fevals:   Function Value    (median,worst) |Axis Ratio|idx:Min SD idx:Max SD
  100 ,   1101 : 2.2447362622205e+03 +(5e-01,2e+00) | 3.38e+00 | 10:1.3e-03  3:2.7e-03
  110 ,   1211 : 2.2444465602553e+03 +(2e-01,1e+00) | 3.88e+00 | 10:9.2e-04  3:2.2e-03
  120 ,   1321 : 2.2442788723668e+03 +(1e-01,2e+00) | 4.20e+00 | 10:6.2e-04  3:1.6e-03
  130 ,   1431 : 2.2441214932377e+03 +(9e-02,4e-01) | 4.36e+00 | 10:4.2e-04  3:1.1e-03
  140 ,   1541 : 2.2437222237040e+03 +(3e-01,8e-01) | 5.75e+00 | 10:5.7e-04  3:2.2e-03
  150 ,   1651 : 2.2433177610800e+03 +(3e-01,1e+08) | 8.80e+00 | 10:8.5e-04  3:4.7e-03
  160 ,   1761 : 2.2424323932286e+03 +(5e-01,2e+00) | 1.12e+01 | 10:8.3e-04  3:5.6e-03
  170 ,   1871 : 2.2412264401445e+03 +(1e+00,1e+08) | 1.42e+01 | 10:1.1e-03  3:9.1e-03
  180 ,   1981 : 2.2394735247646e+03 +(1e+00,3e+00) | 2.11e+01 | 10:1.5e-03  3:1.8e-02
  190 ,   2091 : 2.2378635607022e+03 +(2e+00,5e+00) | 2.90e+01 | 10:1.7e-03  3:2.8e-02
Iterat, #Fevals:   Function Value    (median,worst) |Axis Ratio|idx:Min SD idx:Max SD
  200 ,   2201 : 2.2337995067158e+03 +(2e+00,4e+00) | 3.40e+01 | 10:2.4e-03  3:4.0e-02
  210 ,   2311 : 2.2328551238522e+03 +(5e+00,1e+01) | 4.55e+01 | 10:4.4e-03  3:8.5e-02
  220 ,   2421 : 2.2300741592334e+03 +(2e+00,6e+00) | 5.13e+01 | 10:3.7e-03  3:8.1e-02
  230 ,   2531 : 2.2283757568236e+03 +(6e-01,3e+00) | 5.58e+01 | 10:2.1e-03  3:4.9e-02
  240 ,   2641 : 2.2278217874916e+03 +(3e-01,1e+00) | 5.73e+01 | 10:8.6e-04  3:2.0e-02
  250 ,   2751 : 2.2276343539691e+03 +(1e-01,3e-01) | 5.82e+01 | 10:5.4e-04  3:1.3e-02
  260 ,   2861 : 2.2274456680600e+03 +(8e-02,1e-01) | 6.24e+01 | 10:5.2e-04  3:1.2e-02
  270 ,   2971 : 2.2273024070386e+03 +(7e-02,2e-01) | 6.43e+01 | 10:6.1e-04  3:1.2e-02
  280 ,   3081 : 2.2271949186453e+03 +(8e-02,1e-01) | 6.79e+01 | 10:6.6e-04  3:1.2e-02
  290 ,   3191 : 2.2271369110134e+03 +(3e-02,5e-02) | 7.28e+01 | 10:4.8e-04  3:8.9e-03
Iterat, #Fevals:   Function Value    (median,worst) |Axis Ratio|idx:Min SD idx:Max SD
  300 ,   3301 : 2.2270960619825e+03 +(4e-02,1e-01) | 7.96e+01 | 10:3.8e-04  3:7.2e-03
  310 ,   3411 : 2.2270328273304e+03 +(2e-02,6e-02) | 8.52e+01 | 10:4.4e-04  3:7.9e-03
  320 ,   3521 : 2.2269467818675e+03 +(5e-02,2e-01) | 8.69e+01 |  7:8.8e-04  3:1.6e-02
  330 ,   3631 : 2.2267301606214e+03 +(2e-01,3e-01) | 8.79e+01 |  7:1.2e-03  3:2.0e-02
  340 ,   3741 : 2.2266897581739e+03 +(5e-02,5e-01) | 8.67e+01 |  7:9.3e-04  3:1.6e-02
  350 ,   3851 : 2.2265998411224e+03 +(3e-02,1e-01) | 9.12e+01 |  7:5.6e-04  3:1.0e-02
  360 ,   3961 : 2.2265661474427e+03 +(2e-02,6e-02) | 9.02e+01 |  7:4.3e-04  3:8.0e-03
  370 ,   4071 : 2.2265400196107e+03 +(2e-02,6e-02) | 9.29e+01 |  7:4.3e-04  3:7.8e-03
  380 ,   4181 : 2.2265075310878e+03 +(6e-03,1e-02) | 9.37e+01 |  7:2.7e-04  3:4.9e-03
  390 ,   4291 : 2.2264782012456e+03 +(2e-02,5e-02) | 9.66e+01 |  7:4.0e-04  3:7.5e-03
Iterat, #Fevals:   Function Value    (median,worst) |Axis Ratio|idx:Min SD idx:Max SD
  400 ,   4401 : 2.2264167022337e+03 +(4e-02,1e-01) | 1.04e+02 |  7:4.6e-04  3:9.2e-03
  410 ,   4511 : 2.2262900511925e+03 +(2e-02,1e-01) | 1.06e+02 |  7:8.1e-04  3:1.6e-02
  420 ,   4621 : 2.2260037744133e+03 +(3e-01,9e-01) | 1.15e+02 |  7:1.7e-03  1:3.4e-02
  430 ,   4731 : 2.2256760336394e+03 +(2e-01,4e-01) | 1.27e+02 |  7:1.1e-03  1:2.3e-02
  440 ,   4841 : 2.2254725434194e+03 +(1e-01,3e-01) | 1.70e+02 |  7:1.0e-03  1:3.0e-02
  450 ,   4951 : 2.2253179599501e+03 +(5e-02,2e-01) | 1.90e+02 |  7:4.6e-04  1:1.4e-02
  460 ,   5061 : 2.2252939274838e+03 +(1e-02,3e-02) | 2.06e+02 |  7:3.0e-04  1:9.6e-03
  470 ,   5171 : 2.2252880525130e+03 +(2e-03,4e-03) | 2.12e+02 |  7:1.2e-04  1:4.0e-03
  480 ,   5281 : 2.2252866211127e+03 +(4e-04,6e-04) | 2.14e+02 |  7:4.9e-05  1:1.6e-03
  490 ,   5391 : 2.2252865898749e+03 +(2e-04,5e-04) | 2.25e+02 |  7:3.3e-05  1:1.1e-03
Iterat, #Fevals:   Function Value    (median,worst) |Axis Ratio|idx:Min SD idx:Max SD
  500 ,   5501 : 2.2252863984316e+03 +(2e-04,4e-04) | 2.27e+02 |  7:2.0e-05  1:6.9e-04
  510 ,   5611 : 2.2252863331260e+03 +(6e-05,3e-04) | 2.32e+02 |  7:1.4e-05  1:5.3e-04
  520 ,   5721 : 2.2252863068016e+03 +(1e-05,3e-04) | 2.34e+02 |  7:7.8e-06  1:2.7e-04
  530 ,   5831 : 2.2252862974053e+03 +(1e-05,3e-04) | 2.26e+02 |  7:4.9e-06  1:1.6e-04
  540 ,   5941 : 2.2252862940781e+03 +(1e-05,3e-04) | 2.25e+02 |  7:3.3e-06  1:1.1e-04
  550 ,   6051 : 2.2252862936928e+03 +(5e-06,3e-04) | 2.27e+02 |  7:2.5e-06  1:8.0e-05
  560 ,   6161 : 2.2252862904145e+03 +(3e-04,3e-04) | 2.15e+02 |  7:2.2e-06  1:6.7e-05
  570 ,   6271 : 2.2252862904163e+03 +(2e-06,3e-04) | 2.21e+02 |  7:1.4e-06  1:4.5e-05
  580 ,   6381 : 2.2252862890628e+03 +(3e-04,3e-04) | 2.19e+02 |  7:8.5e-07  1:2.7e-05
  590 ,   6491 : 2.2252862886790e+03 +(6e-07,3e-04) | 2.17e+02 |  6:6.4e-07  1:2.0e-05
Iterat, #Fevals:   Function Value    (median,worst) |Axis Ratio|idx:Min SD idx:Max SD
  600 ,   6601 : 2.2252862877323e+03 +(7e-07,3e-04) | 2.16e+02 |  6:4.9e-07  1:1.7e-05
  610 ,   6711 : 2.2252862877965e+03 +(6e-07,3e-04) | 2.24e+02 |  6:5.3e-07  1:2.0e-05
  620 ,   6821 : 2.2252862877766e+03 +(4e-07,3e-04) | 2.24e+02 |  6:3.9e-07  1:1.6e-05
  630 ,   6931 : 2.2252862876754e+03 +(4e-07,3e-04) | 2.52e+02 |  6:3.1e-07  1:1.5e-05
  640 ,   7041 : 2.2252862876161e+03 +(9e-08,3e-04) | 2.32e+02 |  6:2.9e-07  1:1.4e-05
  650 ,   7151 : 2.2252862875007e+03 +(2e-07,3e-04) | 2.16e+02 |  6:2.6e-07  1:1.3e-05
  660 ,   7261 : 2.2252862874481e+03 +(1e-07,3e-04) | 2.14e+02 |  6:1.4e-07  1:7.8e-06
  670 ,   7371 : 2.2252862872815e+03 +(1e-07,3e-04) | 2.22e+02 |  6:1.3e-07  1:7.7e-06
  680 ,   7481 : 2.2252862872321e+03 +(1e-07,3e-04) | 2.37e+02 |  6:8.7e-08  1:5.3e-06
  690 ,   7591 : 2.2252862871777e+03 +(1e-07,3e-04) | 2.65e+02 |  6:7.8e-08  1:4.8e-06
Iterat, #Fevals:   Function Value    (median,worst) |Axis Ratio|idx:Min SD idx:Max SD
  700 ,   7701 : 2.2252862871719e+03 +(1e-07,3e-04) | 2.56e+02 |  6:7.6e-08  1:4.7e-06
  710 ,   7811 : 2.2252862871477e+03 +(6e-08,3e-04) | 2.29e+02 |  6:1.1e-07  1:6.8e-06
  720 ,   7921 : 2.2252862871514e+03 +(3e-04,3e-04) | 2.73e+02 |  6:1.1e-07  1:7.4e-06
  730 ,   8031 : 2.2252862870369e+03 +(5e-08,3e-04) | 2.77e+02 |  6:8.5e-08  1:5.7e-06
  740 ,   8141 : 2.2252862870567e+03 +(5e-08,3e-04) | 3.22e+02 |  6:7.2e-08  1:5.5e-06
  750 ,   8251 : 2.2252862870199e+03 +(3e-08,3e-04) | 3.26e+02 |  6:5.3e-08  1:4.1e-06
  760 ,   8361 : 2.2252862869539e+03 +(6e-08,3e-04) | 3.04e+02 |  6:9.7e-08  1:7.9e-06
  770 ,   8471 : 2.2252862869421e+03 +(1e-08,3e-04) | 3.08e+02 |  6:1.0e-07  1:8.6e-06
  780 ,   8581 : 2.2252862868873e+03 +(1e-07,3e-04) | 3.20e+02 |  6:1.0e-07  1:8.1e-06
  790 ,   8691 : 2.2252862869056e+03 +(4e-08,3e-04) | 3.53e+02 |  6:9.5e-08  1:7.8e-06
Iterat, #Fevals:   Function Value    (median,worst) |Axis Ratio|idx:Min SD idx:Max SD
  800 ,   8801 : 2.2252862869066e+03 +(3e-08,3e-04) | 3.81e+02 |  6:9.7e-08  1:7.9e-06
  810 ,   8911 : 2.2252862868941e+03 +(1e-08,3e-04) | 4.17e+02 |  6:7.3e-08  1:5.8e-06
  820 ,   9021 : 2.2252862868897e+03 +(1e-08,3e-04) | 4.48e+02 |  6:6.7e-08  1:5.0e-06
  830 ,   9131 : 2.2252862868873e+03 +(3e-04,3e-04) | 4.70e+02 |  6:3.9e-08  1:2.8e-06
  840 ,   9241 : 2.2252862868867e+03 +(3e-04,3e-04) | 5.08e+02 |  6:3.3e-08  1:2.3e-06
  850 ,   9351 : 2.2252862868843e+03 +(9e-09,3e-04) | 5.38e+02 |  6:2.4e-08  1:1.7e-06
  853 ,   9384 : 2.2252862868844e+03 +(4e-09,8e-09) | 5.51e+02 |  6:2.2e-08  1:1.5e-06
#Fevals:   f(returned x)   |    bestever.f     | stopflag
   9385: 2.22528628688e+03 | 2.22528628688e+03 | tolfun
mean solution: +1.8e+00 +1.4e-01 +9.4e-01 +6.2e-01 +6.4e-01 +9.4e-01 +2.0e-01 +8.0e-01 +4.6e-01 +4.0e+00 +4.8e-01 +4.1e+00
std deviation:  1.5e-06  1.2e-07  1.2e-06  1.2e-07  9.4e-08  2.2e-08  6.3e-08  2.0e-07  1.3e-07  1.6e-07  4.5e-07  1.3e-06
use plotcmaesdat.m for plotting the output at any time (option LogModulo must not be zero)

 Objective function at mode: 2225.286287

POSTERIOR KERNEL OPTIMIZATION PROBLEM!
 (minus) the hessian matrix at the "mode" is not positive definite!
=> posterior variance of the estimated parameters are not positive.
You should try to change the initial values of the parameters using
the estimated_params_init block, or use another optimization routine.
[Warning: The results below are most likely wrong!] 
[> In <a href="matlab: opentoline('C:\dynare\4.4.2\matlab\dynare_estimation_1.m',694,1)">dynare_estimation_1 at 694</a>
  In <a href="matlab: opentoline('C:\dynare\4.4.2\matlab\dynare_estimation.m',89,1)">dynare_estimation at 89</a>
  In <a href="matlab: opentoline('E:\Work\SS2014\DSGE\Exercise\AnSchoLin\AnSchoLin.m',215,1)">AnSchoLin at 215</a>
  In <a href="matlab: opentoline('C:\dynare\4.4.2\matlab\dynare.m',180,1)">dynare at 180</a>] 

MODE CHECK

Fval obtained by the minimization routine: 2225.286287


RESULTS FROM MAXIMUM LIKELIHOOD ESTIMATION
parameters
      Estimate    s.d. t-stat

tau     1.7573  0.0633 27.7756 
kap     0.1398  0.0054 25.7585 
psi2    0.9404  0.0098 95.7340 
rhoR    0.6174  0.0158 39.1885 
rhoz    0.6448  0.0117 55.1843 
rhog    0.9431  0.0109 86.4483 
stdR    0.1951  0.0052 37.4946 
stdg    0.7999  0.0173 46.1554 
stdz    0.4623  0.0151 30.6831 
p_A     3.9895  0.0000  0.0000 
gam_Q   0.4818  0.0201 24.0259 
r_A     4.0713  0.0000  0.0000 

Total computing time : 0h05m51s
Note: warning(s) encountered in MATLAB/Octave code
